   1              		.file	"portISR.c"
   2              		.global	ulCriticalNesting
   3              		.section	.data.ulCriticalNesting,"aw",%progbits
   4              		.align	2
   7              	ulCriticalNesting:
   8 0000 0F270000 		.word	9999
   9              		.section	.text.vPortISRStartFirstTask,"ax",%progbits
  10              		.align	2
  11              		.global	vPortISRStartFirstTask
  13              	vPortISRStartFirstTask:
  14              		@ Function supports interworking.
  15              		@ args = 0, pretend = 0, frame = 0
  16              		@ frame_needed = 0, uses_anonymous_args = 0
  17              		@ link register save eliminated.
  18              		@ lr needed for prologue
  19 0000 44009FE5 		LDR		R0, =pxCurrentTCB								
  20 0004 000090E5 		LDR		R0, [R0]										
  21 0008 00E090E5 		LDR		LR, [R0]										
  22 000c 3C009FE5 		LDR		R0, =ulCriticalNesting							
  23 0010 0200BEE8 		LDMFD	LR!, {R1}											
  24 0014 001080E5 		STR		R1, [R0]										
  25 0018 0100BEE8 		LDMFD	LR!, {R0}											
  26 001c 00F069E1 		MSR		SPSR, R0										
  27 0020 FF7FDEE8 		LDMFD	LR, {R0-R14}^										
  28 0024 0000A0E1 		NOP														
  29 0028 3CE09EE5 		LDR		LR, [LR, #+60]									
  30 002c 04F05EE2 		SUBS	PC, LR, #4											
  31              		
  32 0030 0C309FE5 		ldr	r3, .L3
  33 0034 003093E5 		ldr	r3, [r3, #0]
  34 0038 08309FE5 		ldr	r3, .L3+4
  35 003c 003093E5 		ldr	r3, [r3, #0]
  36 0040 1EFF2FE1 		bx	lr
  37              	.L4:
  38              		.align	2
  39              	.L3:
  40 0044 00000000 		.word	ulCriticalNesting
  41 0048 00000000 		.word	pxCurrentTCB
  43              		.section	.text.SWI_Handler,"ax",%progbits
  44              		.align	2
  45              		.global	SWI_Handler
  47              	SWI_Handler:
  48              		@ ARM Exception Handler.
  49              		@ Naked Function: prologue and epilogue provided by programmer.
  50              		@ args = 0, pretend = 0, frame = 0
  51              		@ frame_needed = 0, uses_anonymous_args = 0
  52 0000 04E08EE2 		ADD		LR, LR, #4
  53 0004 01002DE9 		STMDB	SP!, {R0}											
  54 0008 00204DE9 		STMDB	SP,{SP}^											
  55 000c 0000A0E1 		NOP														
  56 0010 04D04DE2 		SUB	SP, SP, #4											
  57 0014 0100BDE8 		LDMIA	SP!,{R0}											
  58 0018 004020E9 		STMDB	R0!, {LR}											
  59 001c 00E0A0E1 		MOV	LR, R0												
  60 0020 0100BDE8 		LDMIA	SP!, {R0}											
  61 0024 FF7F4EE9 		STMDB	LR,{R0-LR}^											
  62 0028 0000A0E1 		NOP														
  63 002c 3CE04EE2 		SUB	LR, LR, #60											
  64 0030 00004FE1 		MRS	R0, SPSR											
  65 0034 01002EE9 		STMDB	LR!, {R0}											
  66 0038 64009FE5 		LDR	R0, =ulCriticalNesting								
  67 003c 000090E5 		LDR	R0, [R0]											
  68 0040 01002EE9 		STMDB	LR!, {R0}											
  69 0044 5C009FE5 		LDR	R0, =pxCurrentTCB									
  70 0048 000090E5 		LDR	R0, [R0]											
  71 004c 00E080E5 		STR	LR, [R0]											
  72              		
  73 0050 44409FE5 		ldr	r4, .L7
  74 0054 44509FE5 		ldr	r5, .L7+4
  75 0058 003094E5 		ldr	r3, [r4, #0]
  76 005c 003095E5 		ldr	r3, [r5, #0]
  77 0060 FEFFFFEB 		bl	vTaskSwitchContext
  78 0064 3C009FE5 		LDR		R0, =pxCurrentTCB								
  79 0068 000090E5 		LDR		R0, [R0]										
  80 006c 00E090E5 		LDR		LR, [R0]										
  81 0070 2C009FE5 		LDR		R0, =ulCriticalNesting							
  82 0074 0200BEE8 		LDMFD	LR!, {R1}											
  83 0078 001080E5 		STR		R1, [R0]										
  84 007c 0100BEE8 		LDMFD	LR!, {R0}											
  85 0080 00F069E1 		MSR		SPSR, R0										
  86 0084 FF7FDEE8 		LDMFD	LR, {R0-R14}^										
  87 0088 0000A0E1 		NOP														
  88 008c 3CE09EE5 		LDR		LR, [LR, #+60]									
  89 0090 04F05EE2 		SUBS	PC, LR, #4											
  90              		
  91 0094 003094E5 		ldr	r3, [r4, #0]
  92 0098 003095E5 		ldr	r3, [r5, #0]
  93              	.L8:
  94              		.align	2
  95              	.L7:
  96 009c 00000000 		.word	ulCriticalNesting
  97 00a0 00000000 		.word	pxCurrentTCB
  99              		.section	.text.vPreemptiveTick,"ax",%progbits
 100              		.align	2
 101              		.global	vPreemptiveTick
 103              	vPreemptiveTick:
 104              		@ Function supports interworking.
 105              		@ Naked Function: prologue and epilogue provided by programmer.
 106              		@ args = 0, pretend = 0, frame = 0
 107              		@ frame_needed = 0, uses_anonymous_args = 0
 108 0000 01002DE9 		STMDB	SP!, {R0}											
 109 0004 00204DE9 		STMDB	SP,{SP}^											
 110 0008 0000A0E1 		NOP														
 111 000c 04D04DE2 		SUB	SP, SP, #4											
 112 0010 0100BDE8 		LDMIA	SP!,{R0}											
 113 0014 004020E9 		STMDB	R0!, {LR}											
 114 0018 00E0A0E1 		MOV	LR, R0												
 115 001c 0100BDE8 		LDMIA	SP!, {R0}											
 116 0020 FF7F4EE9 		STMDB	LR,{R0-LR}^											
 117 0024 0000A0E1 		NOP														
 118 0028 3CE04EE2 		SUB	LR, LR, #60											
 119 002c 00004FE1 		MRS	R0, SPSR											
 120 0030 01002EE9 		STMDB	LR!, {R0}											
 121 0034 7C009FE5 		LDR	R0, =ulCriticalNesting								
 122 0038 000090E5 		LDR	R0, [R0]											
 123 003c 01002EE9 		STMDB	LR!, {R0}											
 124 0040 74009FE5 		LDR	R0, =pxCurrentTCB									
 125 0044 000090E5 		LDR	R0, [R0]											
 126 0048 00E080E5 		STR	LR, [R0]											
 127              		
 128 004c 58409FE5 		ldr	r4, .L11
 129 0050 58509FE5 		ldr	r5, .L11+4
 130 0054 003094E5 		ldr	r3, [r4, #0]
 131 0058 003095E5 		ldr	r3, [r5, #0]
 132 005c FEFFFFEB 		bl	vTaskIncrementTick
 133 0060 FEFFFFEB 		bl	vTaskSwitchContext
 134 0064 48309FE5 		ldr	r3, .L11+8
 135 0068 082093E5 		ldr	r2, [r3, #8]
 136 006c D33E43E2 		sub	r3, r3, #3376
 137 0070 302183E5 		str	r2, [r3, #304]
 138 0074 40009FE5 		LDR		R0, =pxCurrentTCB								
 139 0078 000090E5 		LDR		R0, [R0]										
 140 007c 00E090E5 		LDR		LR, [R0]										
 141 0080 30009FE5 		LDR		R0, =ulCriticalNesting							
 142 0084 0200BEE8 		LDMFD	LR!, {R1}											
 143 0088 001080E5 		STR		R1, [R0]										
 144 008c 0100BEE8 		LDMFD	LR!, {R0}											
 145 0090 00F069E1 		MSR		SPSR, R0										
 146 0094 FF7FDEE8 		LDMFD	LR, {R0-R14}^										
 147 0098 0000A0E1 		NOP														
 148 009c 3CE09EE5 		LDR		LR, [LR, #+60]									
 149 00a0 04F05EE2 		SUBS	PC, LR, #4											
 150              		
 151 00a4 003094E5 		ldr	r3, [r4, #0]
 152 00a8 003095E5 		ldr	r3, [r5, #0]
 153              	.L12:
 154              		.align	2
 155              	.L11:
 156 00ac 00000000 		.word	ulCriticalNesting
 157 00b0 00000000 		.word	pxCurrentTCB
 158 00b4 30FDFFFF 		.word	-720
 160              		.section	.text.vPortDisableInterruptsFromThumb,"ax",%progbits
 161              		.align	2
 162              		.global	vPortDisableInterruptsFromThumb
 164              	vPortDisableInterruptsFromThumb:
 165              		@ Function supports interworking.
 166              		@ Naked Function: prologue and epilogue provided by programmer.
 167              		@ args = 0, pretend = 0, frame = 0
 168              		@ frame_needed = 0, uses_anonymous_args = 0
 169 0000 01002DE9 		STMDB	SP!, {R0}		
 170 0004 00000FE1 		MRS	R0, CPSR		
 171 0008 C00080E3 		ORR	R0, R0, #0xC0	
 172 000c 00F029E1 		MSR	CPSR, R0		
 173 0010 0100BDE8 		LDMIA	SP!, {R0}		
 174 0014 1EFF2FE1 		BX		R14
 176              		.section	.text.vPortEnableInterruptsFromThumb,"ax",%progbits
 177              		.align	2
 178              		.global	vPortEnableInterruptsFromThumb
 180              	vPortEnableInterruptsFromThumb:
 181              		@ Function supports interworking.
 182              		@ Naked Function: prologue and epilogue provided by programmer.
 183              		@ args = 0, pretend = 0, frame = 0
 184              		@ frame_needed = 0, uses_anonymous_args = 0
 185 0000 01002DE9 		STMDB	SP!, {R0}		
 186 0004 00000FE1 		MRS	R0, CPSR		
 187 0008 C000C0E3 		BIC	R0, R0, #0xC0	
 188 000c 00F029E1 		MSR	CPSR, R0		
 189 0010 0100BDE8 		LDMIA	SP!, {R0}		
 190 0014 1EFF2FE1 		BX		R14
 192              		.section	.text.vPortEnterCritical,"ax",%progbits
 193              		.align	2
 194              		.global	vPortEnterCritical
 196              	vPortEnterCritical:
 197              		@ Function supports interworking.
 198              		@ args = 0, pretend = 0, frame = 0
 199              		@ frame_needed = 0, uses_anonymous_args = 0
 200              		@ link register save eliminated.
 201              		@ lr needed for prologue
 202 0000 01002DE9 		STMDB	SP!, {R0}			
 203 0004 00000FE1 		MRS	R0, CPSR			
 204 0008 C00080E3 		ORR	R0, R0, #0xC0		
 205 000c 00F029E1 		MSR	CPSR, R0			
 206 0010 0100BDE8 		LDMIA	SP!, {R0}
 207 0014 0C209FE5 		ldr	r2, .L19
 208 0018 003092E5 		ldr	r3, [r2, #0]
 209 001c 013083E2 		add	r3, r3, #1
 210 0020 003082E5 		str	r3, [r2, #0]
 211 0024 1EFF2FE1 		bx	lr
 212              	.L20:
 213              		.align	2
 214              	.L19:
 215 0028 00000000 		.word	ulCriticalNesting
 217              		.section	.text.vPortExitCritical,"ax",%progbits
 218              		.align	2
 219              		.global	vPortExitCritical
 221              	vPortExitCritical:
 222              		@ Function supports interworking.
 223              		@ args = 0, pretend = 0, frame = 0
 224              		@ frame_needed = 0, uses_anonymous_args = 0
 225              		@ link register save eliminated.
 226 0000 38209FE5 		ldr	r2, .L26
 227 0004 003092E5 		ldr	r3, [r2, #0]
 228 0008 000053E3 		cmp	r3, #0
 229              		@ lr needed for prologue
 230 000c 1EFF2F01 		bxeq	lr
 231 0010 003092E5 		ldr	r3, [r2, #0]
 232 0014 013043E2 		sub	r3, r3, #1
 233 0018 003082E5 		str	r3, [r2, #0]
 234 001c 003092E5 		ldr	r3, [r2, #0]
 235 0020 000053E3 		cmp	r3, #0
 236 0024 1EFF2F11 		bxne	lr
 237 0028 01002DE9 		STMDB	SP!, {R0}		
 238 002c 00000FE1 		MRS	R0, CPSR		
 239 0030 C000C0E3 		BIC	R0, R0, #0xC0	
 240 0034 00F029E1 		MSR	CPSR, R0		
 241 0038 0100BDE8 		LDMIA	SP!, {R0}
 242 003c 1EFF2FE1 		bx	lr
 243              	.L27:
 244              		.align	2
 245              	.L26:
 246 0040 00000000 		.word	ulCriticalNesting
 248              		.ident	"GCC: (GNU) 4.0.2"
DEFINED SYMBOLS
                            *ABS*:00000000 portISR.c
/cygdrive/c/Users/brent/AppData/Local/Temp/ccqM8YLw.s:7      .data.ulCriticalNesting:00000000 ulCriticalNesting
/cygdrive/c/Users/brent/AppData/Local/Temp/ccqM8YLw.s:8      .data.ulCriticalNesting:00000000 $d
/cygdrive/c/Users/brent/AppData/Local/Temp/ccqM8YLw.s:13     .text.vPortISRStartFirstTask:00000000 vPortISRStartFirstTask
/cygdrive/c/Users/brent/AppData/Local/Temp/ccqM8YLw.s:19     .text.vPortISRStartFirstTask:00000000 $a
/cygdrive/c/Users/brent/AppData/Local/Temp/ccqM8YLw.s:40     .text.vPortISRStartFirstTask:00000044 $d
/cygdrive/c/Users/brent/AppData/Local/Temp/ccqM8YLw.s:47     .text.SWI_Handler:00000000 SWI_Handler
/cygdrive/c/Users/brent/AppData/Local/Temp/ccqM8YLw.s:52     .text.SWI_Handler:00000000 $a
/cygdrive/c/Users/brent/AppData/Local/Temp/ccqM8YLw.s:96     .text.SWI_Handler:0000009c $d
/cygdrive/c/Users/brent/AppData/Local/Temp/ccqM8YLw.s:103    .text.vPreemptiveTick:00000000 vPreemptiveTick
/cygdrive/c/Users/brent/AppData/Local/Temp/ccqM8YLw.s:108    .text.vPreemptiveTick:00000000 $a
/cygdrive/c/Users/brent/AppData/Local/Temp/ccqM8YLw.s:156    .text.vPreemptiveTick:000000ac $d
/cygdrive/c/Users/brent/AppData/Local/Temp/ccqM8YLw.s:164    .text.vPortDisableInterruptsFromThumb:00000000 vPortDisableInterruptsFromThumb
/cygdrive/c/Users/brent/AppData/Local/Temp/ccqM8YLw.s:169    .text.vPortDisableInterruptsFromThumb:00000000 $a
/cygdrive/c/Users/brent/AppData/Local/Temp/ccqM8YLw.s:180    .text.vPortEnableInterruptsFromThumb:00000000 vPortEnableInterruptsFromThumb
/cygdrive/c/Users/brent/AppData/Local/Temp/ccqM8YLw.s:185    .text.vPortEnableInterruptsFromThumb:00000000 $a
/cygdrive/c/Users/brent/AppData/Local/Temp/ccqM8YLw.s:196    .text.vPortEnterCritical:00000000 vPortEnterCritical
/cygdrive/c/Users/brent/AppData/Local/Temp/ccqM8YLw.s:202    .text.vPortEnterCritical:00000000 $a
/cygdrive/c/Users/brent/AppData/Local/Temp/ccqM8YLw.s:215    .text.vPortEnterCritical:00000028 $d
/cygdrive/c/Users/brent/AppData/Local/Temp/ccqM8YLw.s:221    .text.vPortExitCritical:00000000 vPortExitCritical
/cygdrive/c/Users/brent/AppData/Local/Temp/ccqM8YLw.s:226    .text.vPortExitCritical:00000000 $a
/cygdrive/c/Users/brent/AppData/Local/Temp/ccqM8YLw.s:246    .text.vPortExitCritical:00000040 $d

UNDEFINED SYMBOLS
pxCurrentTCB
vTaskSwitchContext
vTaskIncrementTick
