   1              		.code	16
   2              		.file	"port.c"
   3              		.section	.text.pxPortInitialiseStack,"ax",%progbits
   4              		.align	2
   5              		.global	pxPortInitialiseStack
   6              		.code 16
   7              		.thumb_func
   9              	pxPortInitialiseStack:
  10 0000 0431     		add	r1, r1, #4
  11 0002 1B4B     		ldr	r3, .L3
  12 0004 0160     		str	r1, [r0]
  13 0006 011F     		sub	r1, r0, #4
  14 0008 0B60     		str	r3, [r1]
  15 000a 031C     		mov	r3, r0
  16 000c 083B     		sub	r3, r3, #8
  17 000e 1860     		str	r0, [r3]
  18 0010 184B     		ldr	r3, .L3+4
  19 0012 0839     		sub	r1, r1, #8
  20 0014 0B60     		str	r3, [r1]
  21 0016 184B     		ldr	r3, .L3+8
  22 0018 0439     		sub	r1, r1, #4
  23 001a 0B60     		str	r3, [r1]
  24 001c 174B     		ldr	r3, .L3+12
  25 001e 0439     		sub	r1, r1, #4
  26 0020 0B60     		str	r3, [r1]
  27 0022 174B     		ldr	r3, .L3+16
  28 0024 0439     		sub	r1, r1, #4
  29 0026 0B60     		str	r3, [r1]
  30 0028 164B     		ldr	r3, .L3+20
  31 002a 0439     		sub	r1, r1, #4
  32 002c 0B60     		str	r3, [r1]
  33 002e 164B     		ldr	r3, .L3+24
  34 0030 0439     		sub	r1, r1, #4
  35 0032 0B60     		str	r3, [r1]
  36 0034 154B     		ldr	r3, .L3+28
  37 0036 0439     		sub	r1, r1, #4
  38 0038 0B60     		str	r3, [r1]
  39 003a 154B     		ldr	r3, .L3+32
  40 003c 0439     		sub	r1, r1, #4
  41 003e 0B60     		str	r3, [r1]
  42 0040 144B     		ldr	r3, .L3+36
  43 0042 0439     		sub	r1, r1, #4
  44 0044 0B60     		str	r3, [r1]
  45 0046 144B     		ldr	r3, .L3+40
  46 0048 0439     		sub	r1, r1, #4
  47 004a 0B60     		str	r3, [r1]
  48 004c 134B     		ldr	r3, .L3+44
  49 004e 0439     		sub	r1, r1, #4
  50 0050 0B60     		str	r3, [r1]
  51 0052 134B     		ldr	r3, .L3+48
  52 0054 0439     		sub	r1, r1, #4
  53 0056 0B60     		str	r3, [r1]
  54 0058 031C     		mov	r3, r0
  55 005a 3C3B     		sub	r3, r3, #60
  56 005c 1A60     		str	r2, [r3]
  57 005e 021C     		mov	r2, r0
  58 0060 403A     		sub	r2, r2, #64
  59 0062 3F23     		mov	r3, #63
  60 0064 1360     		str	r3, [r2]
  61 0066 4438     		sub	r0, r0, #68
  62 0068 0023     		mov	r3, #0
  63              		@ lr needed for prologue
  64 006a 0360     		str	r3, [r0]
  65              		@ sp needed for prologue
  66 006c 7047     		bx	lr
  67              	.L4:
  68 006e 0000     		.align	2
  69              	.L3:
  70 0070 AAAAAAAA 		.word	-1431655766
  71 0074 12121212 		.word	303174162
  72 0078 11111111 		.word	286331153
  73 007c 10101010 		.word	269488144
  74 0080 09090909 		.word	151587081
  75 0084 08080808 		.word	134744072
  76 0088 07070707 		.word	117901063
  77 008c 06060606 		.word	101058054
  78 0090 05050505 		.word	84215045
  79 0094 04040404 		.word	67372036
  80 0098 03030303 		.word	50529027
  81 009c 02020202 		.word	33686018
  82 00a0 01010101 		.word	16843009
  84              		.section	.text.vPortEndScheduler,"ax",%progbits
  85              		.align	2
  86              		.global	vPortEndScheduler
  87              		.code 16
  88              		.thumb_func
  90              	vPortEndScheduler:
  91              		@ lr needed for prologue
  92              		@ sp needed for prologue
  93 0000 7047     		bx	lr
  95 0002 C046     		.section	.text.xPortStartScheduler,"ax",%progbits
  96              		.align	2
  97              		.global	xPortStartScheduler
  98              		.code 16
  99              		.thumb_func
 101              	xPortStartScheduler:
 102 0000 10B5     		push	{r4, lr}
 103 0002 0B4B     		ldr	r3, .L9
 104 0004 0B4C     		ldr	r4, .L9+4
 105 0006 81B0     		sub	sp, sp, #4
 106 0008 0093     		str	r3, [sp]
 107 000a 0121     		mov	r1, #1
 108 000c 201C     		mov	r0, r4
 109 000e 0722     		mov	r2, #7
 110 0010 0023     		mov	r3, #0
 111 0012 FFF7FEFF 		bl	AT91F_AIC_ConfigureIt
 112 0016 084A     		ldr	r2, .L9+8
 113 0018 084B     		ldr	r3, .L9+12
 114 001a FC34     		add	r4, r4, #252
 115 001c 1A60     		str	r2, [r3]
 116 001e 0223     		mov	r3, #2
 117 0020 6362     		str	r3, [r4, #36]
 118 0022 FFF7FEFF 		bl	vPortISRStartFirstTask
 119 0026 0020     		mov	r0, #0
 120 0028 01B0     		add	sp, sp, #4
 121              		@ sp needed for prologue
 122 002a 10BC     		pop	{r4}
 123 002c 02BC     		pop	{r1}
 124 002e 0847     		bx	r1
 125              	.L10:
 126              		.align	2
 127              	.L9:
 128 0030 00000000 		.word	vPreemptiveTick
 129 0034 00F0FFFF 		.word	-4096
 130 0038 EB2E0003 		.word	50343659
 131 003c 30FDFFFF 		.word	-720
 133              		.ident	"GCC: (GNU) 4.0.2"
DEFINED SYMBOLS
                            *ABS*:00000000 port.c
/cygdrive/c/Users/brent/AppData/Local/Temp/ccMcLqfi.s:1      .text:00000000 $t
/cygdrive/c/Users/brent/AppData/Local/Temp/ccMcLqfi.s:9      .text.pxPortInitialiseStack:00000000 pxPortInitialiseStack
/cygdrive/c/Users/brent/AppData/Local/Temp/ccMcLqfi.s:6      .text.pxPortInitialiseStack:00000000 $t
/cygdrive/c/Users/brent/AppData/Local/Temp/ccMcLqfi.s:70     .text.pxPortInitialiseStack:00000070 $d
/cygdrive/c/Users/brent/AppData/Local/Temp/ccMcLqfi.s:90     .text.vPortEndScheduler:00000000 vPortEndScheduler
/cygdrive/c/Users/brent/AppData/Local/Temp/ccMcLqfi.s:87     .text.vPortEndScheduler:00000000 $t
/cygdrive/c/Users/brent/AppData/Local/Temp/ccMcLqfi.s:101    .text.xPortStartScheduler:00000000 xPortStartScheduler
/cygdrive/c/Users/brent/AppData/Local/Temp/ccMcLqfi.s:98     .text.xPortStartScheduler:00000000 $t
/cygdrive/c/Users/brent/AppData/Local/Temp/ccMcLqfi.s:128    .text.xPortStartScheduler:00000030 $d

UNDEFINED SYMBOLS
AT91F_AIC_ConfigureIt
vPortISRStartFirstTask
vPreemptiveTick
