   1              		.code	16
   2              		.file	"led_debug.c"
   3              		.section	.text.Init_LEDs,"ax",%progbits
   4              		.align	2
   5              		.global	Init_LEDs
   6              		.code 16
   7              		.thumb_func
   9              	Init_LEDs:
  10 0000 10B5     		push	{r4, lr}
  11 0002 064C     		ldr	r4, .L3
  12 0004 0621     		mov	r1, #6
  13 0006 201C     		mov	r0, r4
  14 0008 FFF7FEFF 		bl	AT91F_PIO_CfgOutput
  15 000c 201C     		mov	r0, r4
  16 000e 0621     		mov	r1, #6
  17 0010 FFF7FEFF 		bl	AT91F_PIO_SetOutput
  18              		@ sp needed for prologue
  19 0014 10BC     		pop	{r4}
  20 0016 01BC     		pop	{r0}
  21 0018 0047     		bx	r0
  22              	.L4:
  23 001a 0000     		.align	2
  24              	.L3:
  25 001c 00F4FFFF 		.word	-3072
  27              		.section	.text.Set_LED,"ax",%progbits
  28              		.align	2
  29              		.global	Set_LED
  30              		.code 16
  31              		.thumb_func
  33              	Set_LED:
  34 0000 00B5     		push	{lr}
  35 0002 011C     		mov	r1, r0
  36 0004 0248     		ldr	r0, .L7
  37 0006 FFF7FEFF 		bl	AT91F_PIO_SetOutput
  38              		@ sp needed for prologue
  39 000a 01BC     		pop	{r0}
  40 000c 0047     		bx	r0
  41              	.L8:
  42 000e 0000     		.align	2
  43              	.L7:
  44 0010 00F4FFFF 		.word	-3072
  46              		.section	.text.Clear_LED,"ax",%progbits
  47              		.align	2
  48              		.global	Clear_LED
  49              		.code 16
  50              		.thumb_func
  52              	Clear_LED:
  53 0000 00B5     		push	{lr}
  54 0002 011C     		mov	r1, r0
  55 0004 0248     		ldr	r0, .L11
  56 0006 FFF7FEFF 		bl	AT91F_PIO_ClearOutput
  57              		@ sp needed for prologue
  58 000a 01BC     		pop	{r0}
  59 000c 0047     		bx	r0
  60              	.L12:
  61 000e 0000     		.align	2
  62              	.L11:
  63 0010 00F4FFFF 		.word	-3072
  65              		.section	.text.Toggle_LED,"ax",%progbits
  66              		.align	2
  67              		.global	Toggle_LED
  68              		.code 16
  69              		.thumb_func
  71              	Toggle_LED:
  72 0000 10B5     		push	{r4, lr}
  73 0002 041C     		mov	r4, r0
  74 0004 0848     		ldr	r0, .L18
  75 0006 FFF7FEFF 		bl	AT91F_PIO_GetInput
  76 000a 2040     		and	r0, r0, r4
  77 000c A042     		cmp	r0, r4
  78 000e 04D1     		bne	.L14
  79 0010 0548     		ldr	r0, .L18
  80 0012 211C     		mov	r1, r4
  81 0014 FFF7FEFF 		bl	AT91F_PIO_ClearOutput
  82 0018 03E0     		b	.L17
  83              	.L14:
  84 001a 0348     		ldr	r0, .L18
  85 001c 211C     		mov	r1, r4
  86 001e FFF7FEFF 		bl	AT91F_PIO_SetOutput
  87              	.L17:
  88              		@ sp needed for prologue
  89 0022 10BC     		pop	{r4}
  90 0024 01BC     		pop	{r0}
  91 0026 0047     		bx	r0
  92              	.L19:
  93              		.align	2
  94              	.L18:
  95 0028 00F4FFFF 		.word	-3072
  97              		.ident	"GCC: (GNU) 4.0.2"
DEFINED SYMBOLS
                            *ABS*:00000000 led_debug.c
/cygdrive/c/Users/brent/AppData/Local/Temp/ccFR2knC.s:1      .text:00000000 $t
/cygdrive/c/Users/brent/AppData/Local/Temp/ccFR2knC.s:9      .text.Init_LEDs:00000000 Init_LEDs
/cygdrive/c/Users/brent/AppData/Local/Temp/ccFR2knC.s:6      .text.Init_LEDs:00000000 $t
/cygdrive/c/Users/brent/AppData/Local/Temp/ccFR2knC.s:25     .text.Init_LEDs:0000001c $d
/cygdrive/c/Users/brent/AppData/Local/Temp/ccFR2knC.s:33     .text.Set_LED:00000000 Set_LED
/cygdrive/c/Users/brent/AppData/Local/Temp/ccFR2knC.s:30     .text.Set_LED:00000000 $t
/cygdrive/c/Users/brent/AppData/Local/Temp/ccFR2knC.s:44     .text.Set_LED:00000010 $d
/cygdrive/c/Users/brent/AppData/Local/Temp/ccFR2knC.s:52     .text.Clear_LED:00000000 Clear_LED
/cygdrive/c/Users/brent/AppData/Local/Temp/ccFR2knC.s:49     .text.Clear_LED:00000000 $t
/cygdrive/c/Users/brent/AppData/Local/Temp/ccFR2knC.s:63     .text.Clear_LED:00000010 $d
/cygdrive/c/Users/brent/AppData/Local/Temp/ccFR2knC.s:71     .text.Toggle_LED:00000000 Toggle_LED
/cygdrive/c/Users/brent/AppData/Local/Temp/ccFR2knC.s:68     .text.Toggle_LED:00000000 $t
/cygdrive/c/Users/brent/AppData/Local/Temp/ccFR2knC.s:95     .text.Toggle_LED:00000028 $d

UNDEFINED SYMBOLS
AT91F_PIO_CfgOutput
AT91F_PIO_SetOutput
AT91F_PIO_ClearOutput
AT91F_PIO_GetInput
