   1              		.code	16
   2              		.file	"main.c"
   3              		.section	.rodata.str1.4,"aMS",%progbits,1
   4              		.align	2
   5              	.LC0:
   6 0000 55534200 		.ascii	"USB\000"
   7              		.align	2
   8              	.LC3:
   9 0004 4F6E5553 		.ascii	"OnUSBComm\000"
   9      42436F6D 
   9      6D00
  10 000e 0000     		.section	.text.main,"ax",%progbits
  11              		.align	2
  12              		.global	main
  13              		.code 16
  14              		.thumb_func
  16              	main:
  17 0000 10B5     		push	{r4, lr}
  18 0002 1A4B     		ldr	r3, .L7
  19 0004 0024     		mov	r4, #0
  20 0006 82B0     		sub	sp, sp, #8
  21 0008 5C63     		str	r4, [r3, #52]
  22 000a 1948     		ldr	r0, .L7+4
  23 000c 1949     		ldr	r1, .L7+8
  24 000e FFF7FEFF 		bl	AT91F_PMC_EnablePeriphClock
  25 0012 1948     		ldr	r0, .L7+12
  26 0014 0121     		mov	r1, #1
  27 0016 FFF7FEFF 		bl	AT91F_RSTSetMode
  28 001a FFF7FEFF 		bl	InitADC
  29 001e FFF7FEFF 		bl	InitLEDs
  30 0022 FFF7FEFF 		bl	InitGPIO
  31 0026 0223     		mov	r3, #2
  32 0028 9622     		mov	r2, #150
  33 002a 1449     		ldr	r1, .L7+16
  34 002c 0093     		str	r3, [sp]
  35 002e 5200     		lsl	r2, r2, #1
  36 0030 0023     		mov	r3, #0
  37 0032 1348     		ldr	r0, .L7+20
  38 0034 0194     		str	r4, [sp, #4]
  39 0036 FFF7FEFF 		bl	xTaskCreate
  40 003a 0123     		mov	r3, #1
  41 003c AF22     		mov	r2, #175
  42 003e 1149     		ldr	r1, .L7+24
  43 0040 9200     		lsl	r2, r2, #2
  44 0042 0093     		str	r3, [sp]
  45 0044 1048     		ldr	r0, .L7+28
  46 0046 0023     		mov	r3, #0
  47 0048 0194     		str	r4, [sp, #4]
  48 004a FFF7FEFF 		bl	xTaskCreate
  49 004e FFF7FEFF 		bl	createLoggerTask
  50 0052 FFF7FEFF 		bl	createGPIOTasks
  51 0056 FFF7FEFF 		bl	vTaskStartScheduler
  52              	.L2:
  53 005a 0420     		mov	r0, #4
  54 005c FFF7FEFF 		bl	ToggleLED
  55 0060 0A4B     		ldr	r3, .L7+32
  56              	.L3:
  57 0062 013B     		sub	r3, r3, #1
  58 0064 002B     		cmp	r3, #0
  59 0066 FCD1     		bne	.L3
  60 0068 F7E7     		b	.L2
  61              	.L8:
  62 006a 0000     		.align	2
  63              	.L7:
  64 006c FCF0FFFF 		.word	-3844
  65 0070 00FCFFFF 		.word	-1024
  66 0074 C4040040 		.word	1073743044
  67 0078 00FDFFFF 		.word	-768
  68 007c 00000000 		.word	.LC0
  69 0080 00000000 		.word	vUSBCDCTask
  70 0084 04000000 		.word	.LC3
  71 0088 00000000 		.word	onUSBCommTask
  72 008c 80841E00 		.word	2000000
  74              		.ident	"GCC: (GNU) 4.0.2"
DEFINED SYMBOLS
                            *ABS*:00000000 main.c
/cygdrive/c/Users/brent/AppData/Local/Temp/ccKwsYb5.s:1      .text:00000000 $t
/cygdrive/c/Users/brent/AppData/Local/Temp/ccKwsYb5.s:16     .text.main:00000000 main
/cygdrive/c/Users/brent/AppData/Local/Temp/ccKwsYb5.s:13     .text.main:00000000 $t
/cygdrive/c/Users/brent/AppData/Local/Temp/ccKwsYb5.s:64     .text.main:0000006c $d

UNDEFINED SYMBOLS
AT91F_PMC_EnablePeriphClock
AT91F_RSTSetMode
InitADC
InitLEDs
InitGPIO
xTaskCreate
createLoggerTask
createGPIOTasks
vTaskStartScheduler
ToggleLED
vUSBCDCTask
onUSBCommTask
