   1              		.code	16
   2              		.file	"USB-CDC.c"
   3              		.global	pxConfigDescriptor
   4              		.section	.rodata.pxConfigDescriptor,"a",%progbits
   7              	pxConfigDescriptor:
   8 0000 09       		.byte	9
   9 0001 02       		.byte	2
  10 0002 43       		.byte	67
  11 0003 00       		.byte	0
  12 0004 02       		.byte	2
  13 0005 01       		.byte	1
  14 0006 03       		.byte	3
  15 0007 80       		.byte	-128
  16 0008 32       		.byte	50
  17 0009 09       		.byte	9
  18 000a 04       		.byte	4
  19 000b 00       		.byte	0
  20 000c 00       		.byte	0
  21 000d 01       		.byte	1
  22 000e 02       		.byte	2
  23 000f 02       		.byte	2
  24 0010 00       		.byte	0
  25 0011 04       		.byte	4
  26 0012 05       		.byte	5
  27 0013 24       		.byte	36
  28 0014 00       		.byte	0
  29 0015 10       		.byte	16
  30 0016 01       		.byte	1
  31 0017 04       		.byte	4
  32 0018 24       		.byte	36
  33 0019 02       		.byte	2
  34 001a 00       		.byte	0
  35 001b 05       		.byte	5
  36 001c 24       		.byte	36
  37 001d 06       		.byte	6
  38 001e 00       		.byte	0
  39 001f 01       		.byte	1
  40 0020 05       		.byte	5
  41 0021 24       		.byte	36
  42 0022 01       		.byte	1
  43 0023 00       		.byte	0
  44 0024 01       		.byte	1
  45 0025 07       		.byte	7
  46 0026 05       		.byte	5
  47 0027 83       		.byte	-125
  48 0028 03       		.byte	3
  49 0029 08       		.byte	8
  50 002a 00       		.byte	0
  51 002b FF       		.byte	-1
  52 002c 09       		.byte	9
  53 002d 04       		.byte	4
  54 002e 01       		.byte	1
  55 002f 00       		.byte	0
  56 0030 02       		.byte	2
  57 0031 0A       		.byte	10
  58 0032 00       		.byte	0
  59 0033 00       		.byte	0
  60 0034 00       		.byte	0
  61 0035 07       		.byte	7
  62 0036 05       		.byte	5
  63 0037 01       		.byte	1
  64 0038 02       		.byte	2
  65 0039 40       		.byte	64
  66 003a 00       		.byte	0
  67 003b 00       		.byte	0
  68 003c 07       		.byte	7
  69 003d 05       		.byte	5
  70 003e 82       		.byte	-126
  71 003f 02       		.byte	2
  72 0040 40       		.byte	64
  73 0041 00       		.byte	0
  74 0042 00       		.byte	0
  75              		.global	pxDeviceDescriptor
  76              		.section	.rodata.pxDeviceDescriptor,"a",%progbits
  79              	pxDeviceDescriptor:
  80 0000 12       		.byte	18
  81 0001 01       		.byte	1
  82 0002 10       		.byte	16
  83 0003 01       		.byte	1
  84 0004 02       		.byte	2
  85 0005 00       		.byte	0
  86 0006 00       		.byte	0
  87 0007 08       		.byte	8
  88 0008 03       		.byte	3
  89 0009 EB       		.byte	-21
  90 000a 20       		.byte	32
  91 000b 09       		.byte	9
  92 000c 10       		.byte	16
  93 000d 01       		.byte	1
  94 000e 01       		.byte	1
  95 000f 02       		.byte	2
  96 0010 00       		.byte	0
  97 0011 01       		.byte	1
  98              		.global	pxInterfaceStringDescriptor
  99              		.section	.rodata.pxInterfaceStringDescriptor,"a",%progbits
 102              	pxInterfaceStringDescriptor:
 103 0000 1E       		.byte	30
 104 0001 03       		.byte	3
 105 0002 49       		.byte	73
 106 0003 00       		.byte	0
 107 0004 6E       		.byte	110
 108 0005 00       		.byte	0
 109 0006 74       		.byte	116
 110 0007 00       		.byte	0
 111 0008 65       		.byte	101
 112 0009 00       		.byte	0
 113 000a 72       		.byte	114
 114 000b 00       		.byte	0
 115 000c 66       		.byte	102
 116 000d 00       		.byte	0
 117 000e 61       		.byte	97
 118 000f 00       		.byte	0
 119 0010 63       		.byte	99
 120 0011 00       		.byte	0
 121 0012 65       		.byte	101
 122 0013 00       		.byte	0
 123 0014 20       		.byte	32
 124 0015 00       		.byte	0
 125 0016 4E       		.byte	78
 126 0017 00       		.byte	0
 127 0018 61       		.byte	97
 128 0019 00       		.byte	0
 129 001a 6D       		.byte	109
 130 001b 00       		.byte	0
 131 001c 65       		.byte	101
 132 001d 00       		.byte	0
 133              		.global	pxConfigurationStringDescriptor
 134              		.section	.rodata.pxConfigurationStringDescriptor,"a",%progbits
 137              	pxConfigurationStringDescriptor:
 138 0000 26       		.byte	38
 139 0001 03       		.byte	3
 140 0002 43       		.byte	67
 141 0003 00       		.byte	0
 142 0004 6F       		.byte	111
 143 0005 00       		.byte	0
 144 0006 6E       		.byte	110
 145 0007 00       		.byte	0
 146 0008 66       		.byte	102
 147 0009 00       		.byte	0
 148 000a 69       		.byte	105
 149 000b 00       		.byte	0
 150 000c 67       		.byte	103
 151 000d 00       		.byte	0
 152 000e 75       		.byte	117
 153 000f 00       		.byte	0
 154 0010 72       		.byte	114
 155 0011 00       		.byte	0
 156 0012 61       		.byte	97
 157 0013 00       		.byte	0
 158 0014 74       		.byte	116
 159 0015 00       		.byte	0
 160 0016 69       		.byte	105
 161 0017 00       		.byte	0
 162 0018 6F       		.byte	111
 163 0019 00       		.byte	0
 164 001a 6E       		.byte	110
 165 001b 00       		.byte	0
 166 001c 20       		.byte	32
 167 001d 00       		.byte	0
 168 001e 4E       		.byte	78
 169 001f 00       		.byte	0
 170 0020 61       		.byte	97
 171 0021 00       		.byte	0
 172 0022 6D       		.byte	109
 173 0023 00       		.byte	0
 174 0024 65       		.byte	101
 175 0025 00       		.byte	0
 176              		.global	pxProductStringDescriptor
 177              		.section	.rodata.pxProductStringDescriptor,"a",%progbits
 180              	pxProductStringDescriptor:
 181 0000 24       		.byte	36
 182 0001 03       		.byte	3
 183 0002 46       		.byte	70
 184 0003 00       		.byte	0
 185 0004 72       		.byte	114
 186 0005 00       		.byte	0
 187 0006 65       		.byte	101
 188 0007 00       		.byte	0
 189 0008 65       		.byte	101
 190 0009 00       		.byte	0
 191 000a 52       		.byte	82
 192 000b 00       		.byte	0
 193 000c 54       		.byte	84
 194 000d 00       		.byte	0
 195 000e 4F       		.byte	79
 196 000f 00       		.byte	0
 197 0010 53       		.byte	83
 198 0011 00       		.byte	0
 199 0012 20       		.byte	32
 200 0013 00       		.byte	0
 201 0014 43       		.byte	67
 202 0015 00       		.byte	0
 203 0016 44       		.byte	68
 204 0017 00       		.byte	0
 205 0018 43       		.byte	67
 206 0019 00       		.byte	0
 207 001a 20       		.byte	32
 208 001b 00       		.byte	0
 209 001c 44       		.byte	68
 210 001d 00       		.byte	0
 211 001e 45       		.byte	69
 212 001f 00       		.byte	0
 213 0020 4D       		.byte	77
 214 0021 00       		.byte	0
 215 0022 4F       		.byte	79
 216 0023 00       		.byte	0
 217              		.global	pxManufacturerStringDescriptor
 218              		.section	.rodata.pxManufacturerStringDescriptor,"a",%progbits
 221              	pxManufacturerStringDescriptor:
 222 0000 12       		.byte	18
 223 0001 03       		.byte	3
 224 0002 46       		.byte	70
 225 0003 00       		.byte	0
 226 0004 72       		.byte	114
 227 0005 00       		.byte	0
 228 0006 65       		.byte	101
 229 0007 00       		.byte	0
 230 0008 65       		.byte	101
 231 0009 00       		.byte	0
 232 000a 52       		.byte	82
 233 000b 00       		.byte	0
 234 000c 54       		.byte	84
 235 000d 00       		.byte	0
 236 000e 4F       		.byte	79
 237 000f 00       		.byte	0
 238 0010 53       		.byte	83
 239 0011 00       		.byte	0
 240              		.global	pxLanguageStringDescriptor
 241              		.section	.rodata.pxLanguageStringDescriptor,"a",%progbits
 244              	pxLanguageStringDescriptor:
 245 0000 04       		.byte	4
 246 0001 03       		.byte	3
 247 0002 09       		.byte	9
 248 0003 04       		.byte	4
 249              		.section	.bss.usbIntefacedInitialized,"aw",%nobits
 250              		.align	2
 253              	usbIntefacedInitialized:
 254 0000 00000000 		.space	4
 255              		.section	.bss.eDriverState,"aw",%nobits
 256              		.align	2
 259              	eDriverState:
 260 0000 00000000 		.space	4
 261              		.section	.bss.ucUSBConfig,"aw",%nobits
 264              	ucUSBConfig:
 265 0000 00       		.space	1
 266              		.section	.bss.ulReceivedAddress,"aw",%nobits
 267              		.align	2
 270              	ulReceivedAddress:
 271 0000 00000000 		.space	4
 272              		.section	.rodata.pxLineCoding,"a",%progbits
 275              	pxLineCoding:
 276 0000 00       		.byte	0
 277 0001 C2       		.byte	-62
 278 0002 01       		.byte	1
 279 0003 00       		.byte	0
 280 0004 00       		.byte	0
 281 0005 00       		.byte	0
 282 0006 08       		.byte	8
 283              		.section	.text.vUSBIsInitialized,"ax",%progbits
 284              		.align	2
 285              		.global	vUSBIsInitialized
 286              		.code 16
 287              		.thumb_func
 289              	vUSBIsInitialized:
 290 0000 014B     		ldr	r3, .L3
 291 0002 1868     		ldr	r0, [r3]
 292              		@ lr needed for prologue
 293              		@ sp needed for prologue
 294 0004 7047     		bx	lr
 295              	.L4:
 296 0006 0000     		.align	2
 297              	.L3:
 298 0008 00000000 		.word	usbIntefacedInitialized
 300              		.section	.text.vUSBSendByte,"ax",%progbits
 301              		.align	2
 302              		.global	vUSBSendByte
 303              		.code 16
 304              		.thumb_func
 306              	vUSBSendByte:
 307 0000 00B5     		push	{lr}
 308 0002 81B0     		sub	sp, sp, #4
 309 0004 054B     		ldr	r3, .L7
 310 0006 6946     		mov	r1, sp
 311 0008 0122     		mov	r2, #1
 312 000a 0870     		strb	r0, [r1]
 313 000c 5242     		neg	r2, r2
 314 000e 1868     		ldr	r0, [r3]
 315 0010 FFF7FEFF 		bl	xQueueSend
 316 0014 01B0     		add	sp, sp, #4
 317              		@ sp needed for prologue
 318 0016 01BC     		pop	{r0}
 319 0018 0047     		bx	r0
 320              	.L8:
 321 001a 0000     		.align	2
 322              	.L7:
 323 001c 00000000 		.word	xTxCDC
 325              		.section	.text.vUSBBytesAvailable,"ax",%progbits
 326              		.align	2
 327              		.global	vUSBBytesAvailable
 328              		.code 16
 329              		.thumb_func
 331              	vUSBBytesAvailable:
 332 0000 00B5     		push	{lr}
 333 0002 034B     		ldr	r3, .L11
 334 0004 1868     		ldr	r0, [r3]
 335 0006 FFF7FEFF 		bl	uxQueueMessagesWaiting
 336              		@ sp needed for prologue
 337 000a 02BC     		pop	{r1}
 338 000c 0847     		bx	r1
 339              	.L12:
 340 000e 0000     		.align	2
 341              	.L11:
 342 0010 00000000 		.word	xTxCDC
 344              		.section	.text.vUSBReceiveByte,"ax",%progbits
 345              		.align	2
 346              		.global	vUSBReceiveByte
 347              		.code 16
 348              		.thumb_func
 350              	vUSBReceiveByte:
 351 0000 00B5     		push	{lr}
 352 0002 044B     		ldr	r3, .L15
 353 0004 0122     		mov	r2, #1
 354 0006 011C     		mov	r1, r0
 355 0008 5242     		neg	r2, r2
 356 000a 1868     		ldr	r0, [r3]
 357 000c FFF7FEFF 		bl	xQueueReceive
 358              		@ sp needed for prologue
 359 0010 02BC     		pop	{r1}
 360 0012 0847     		bx	r1
 361              	.L16:
 362              		.align	2
 363              	.L15:
 364 0014 00000000 		.word	xRxCDC
 366              		.section	.text.prvSendZLP,"ax",%progbits
 367              		.align	2
 368              		.code 16
 369              		.thumb_func
 371              	prvSendZLP:
 372 0000 30B5     		push	{r4, r5, lr}
 373 0002 02E0     		b	.L18
 374              	.L19:
 375 0004 0120     		mov	r0, #1
 376 0006 FFF7FEFF 		bl	vTaskDelay
 377              	.L18:
 378 000a 0C4C     		ldr	r4, .L22
 379 000c 236B     		ldr	r3, [r4, #48]
 380 000e 1025     		mov	r5, #16
 381 0010 2B42     		tst	r3, r5
 382 0012 F7D1     		bne	.L19
 383 0014 FFF7FEFF 		bl	vPortEnterCritical
 384 0018 094B     		ldr	r3, .L22+4
 385 001a 1A1C     		mov	r2, r3
 386 001c 0433     		add	r3, r3, #4
 387 001e DB6F     		ldr	r3, [r3, #124]
 388 0020 0832     		add	r2, r2, #8
 389 0022 D367     		str	r3, [r2, #124]
 390 0024 236B     		ldr	r3, [r4, #48]
 391 0026 4F22     		mov	r2, #79
 392 0028 1343     		orr	r3, r3, r2
 393 002a 3022     		mov	r2, #48
 394 002c 9343     		bic	r3, r3, r2
 395 002e 2B43     		orr	r3, r3, r5
 396 0030 2363     		str	r3, [r4, #48]
 397 0032 FFF7FEFF 		bl	vPortExitCritical
 398              		@ sp needed for prologue
 399 0036 30BC     		pop	{r4, r5}
 400 0038 01BC     		pop	{r0}
 401 003a 0047     		bx	r0
 402              	.L23:
 403              		.align	2
 404              	.L22:
 405 003c 0000FBFF 		.word	-327680
 406 0040 00000000 		.word	pxControlTx
 408              		.section	.text.prvSendStall,"ax",%progbits
 409              		.align	2
 410              		.code 16
 411              		.thumb_func
 413              	prvSendStall:
 414 0000 00B5     		push	{lr}
 415 0002 FFF7FEFF 		bl	vPortEnterCritical
 416 0006 0649     		ldr	r1, .L26
 417 0008 0B6B     		ldr	r3, [r1, #48]
 418 000a 4F22     		mov	r2, #79
 419 000c 1343     		orr	r3, r3, r2
 420 000e 3022     		mov	r2, #48
 421 0010 9343     		bic	r3, r3, r2
 422 0012 2022     		mov	r2, #32
 423 0014 1343     		orr	r3, r3, r2
 424 0016 0B63     		str	r3, [r1, #48]
 425 0018 FFF7FEFF 		bl	vPortExitCritical
 426              		@ sp needed for prologue
 427 001c 01BC     		pop	{r0}
 428 001e 0047     		bx	r0
 429              	.L27:
 430              		.align	2
 431              	.L26:
 432 0020 0000FBFF 		.word	-327680
 434              		.section	.text.prvSendNextSegment,"ax",%progbits
 435              		.align	2
 436              		.code 16
 437              		.thumb_func
 439              	prvSendNextSegment:
 440 0000 10B5     		push	{r4, lr}
 441 0002 254B     		ldr	r3, .L43
 442 0004 1A1C     		mov	r2, r3
 443 0006 0832     		add	r2, r2, #8
 444 0008 0433     		add	r3, r3, #4
 445 000a D26F     		ldr	r2, [r2, #124]
 446 000c DB6F     		ldr	r3, [r3, #124]
 447 000e 83B0     		sub	sp, sp, #12
 448 0010 9A42     		cmp	r2, r3
 449 0012 35D9     		bls	.L29
 450 0014 D31A     		sub	r3, r2, r3
 451 0016 0093     		str	r3, [sp]
 452 0018 009B     		ldr	r3, [sp]
 453 001a 082B     		cmp	r3, #8
 454 001c 01D9     		bls	.L31
 455 001e 0823     		mov	r3, #8
 456 0020 00E0     		b	.L42
 457              	.L31:
 458 0022 009B     		ldr	r3, [sp]
 459              	.L42:
 460 0024 0293     		str	r3, [sp, #8]
 461 0026 02E0     		b	.L41
 462              	.L34:
 463 0028 0120     		mov	r0, #1
 464 002a FFF7FEFF 		bl	vTaskDelay
 465              	.L41:
 466 002e 1B4B     		ldr	r3, .L43+4
 467 0030 1B6B     		ldr	r3, [r3, #48]
 468 0032 DA06     		lsl	r2, r3, #27
 469 0034 F8D4     		bmi	.L34
 470 0036 184C     		ldr	r4, .L43
 471 0038 09E0     		b	.L35
 472              	.L36:
 473 003a 201D     		add	r0, r4, #4
 474 003c C26F     		ldr	r2, [r0, #124]
 475 003e 174B     		ldr	r3, .L43+4
 476 0040 A15C     		ldrb	r1, [r4, r2]
 477 0042 1965     		str	r1, [r3, #80]
 478 0044 029B     		ldr	r3, [sp, #8]
 479 0046 0132     		add	r2, r2, #1
 480 0048 013B     		sub	r3, r3, #1
 481 004a 0293     		str	r3, [sp, #8]
 482 004c C267     		str	r2, [r0, #124]
 483              	.L35:
 484 004e 029B     		ldr	r3, [sp, #8]
 485 0050 002B     		cmp	r3, #0
 486 0052 F2D1     		bne	.L36
 487 0054 FFF7FEFF 		bl	vPortEnterCritical
 488 0058 1049     		ldr	r1, .L43+4
 489 005a 0B6B     		ldr	r3, [r1, #48]
 490 005c 0193     		str	r3, [sp, #4]
 491 005e 019B     		ldr	r3, [sp, #4]
 492 0060 4F22     		mov	r2, #79
 493 0062 1343     		orr	r3, r3, r2
 494 0064 0193     		str	r3, [sp, #4]
 495 0066 019B     		ldr	r3, [sp, #4]
 496 0068 3022     		mov	r2, #48
 497 006a 9343     		bic	r3, r3, r2
 498 006c 0193     		str	r3, [sp, #4]
 499 006e 019B     		ldr	r3, [sp, #4]
 500 0070 1022     		mov	r2, #16
 501 0072 1343     		orr	r3, r3, r2
 502 0074 0193     		str	r3, [sp, #4]
 503 0076 019B     		ldr	r3, [sp, #4]
 504 0078 0B63     		str	r3, [r1, #48]
 505 007a FFF7FEFF 		bl	vPortExitCritical
 506 007e 07E0     		b	.L40
 507              	.L29:
 508 0080 074C     		ldr	r4, .L43+8
 509 0082 2368     		ldr	r3, [r4]
 510 0084 042B     		cmp	r3, #4
 511 0086 03D1     		bne	.L40
 512 0088 FFF7FEFF 		bl	prvSendZLP
 513 008c 0023     		mov	r3, #0
 514 008e 2360     		str	r3, [r4]
 515              	.L40:
 516 0090 03B0     		add	sp, sp, #12
 517              		@ sp needed for prologue
 518 0092 10BC     		pop	{r4}
 519 0094 01BC     		pop	{r0}
 520 0096 0047     		bx	r0
 521              	.L44:
 522              		.align	2
 523              	.L43:
 524 0098 00000000 		.word	pxControlTx
 525 009c 0000FBFF 		.word	-327680
 526 00a0 00000000 		.word	eDriverState
 528              		.section	.text.prvSendControlData,"ax",%progbits
 529              		.align	2
 530              		.code 16
 531              		.thumb_func
 533              	prvSendControlData:
 534 0000 70B5     		push	{r4, r5, r6, lr}
 535 0002 0904     		lsl	r1, r1, #16
 536 0004 151C     		mov	r5, r2
 537 0006 090C     		lsr	r1, r1, #16
 538 0008 061C     		mov	r6, r0
 539 000a A942     		cmp	r1, r5
 540 000c 01D2     		bcs	.L46
 541 000e 0D1C     		mov	r5, r1
 542 0010 09E0     		b	.L48
 543              	.L46:
 544 0012 8A42     		cmp	r2, r1
 545 0014 07D2     		bcs	.L48
 546 0016 002B     		cmp	r3, #0
 547 0018 05D0     		beq	.L48
 548 001a 0723     		mov	r3, #7
 549 001c 1A42     		tst	r2, r3
 550 001e 02D1     		bne	.L48
 551 0020 094A     		ldr	r2, .L53
 552 0022 0423     		mov	r3, #4
 553 0024 1360     		str	r3, [r2]
 554              	.L48:
 555 0026 094C     		ldr	r4, .L53+4
 556 0028 311C     		mov	r1, r6
 557 002a 2A1C     		mov	r2, r5
 558 002c 201C     		mov	r0, r4
 559 002e FFF7FEFF 		bl	memcpy
 560 0032 231C     		mov	r3, r4
 561 0034 0833     		add	r3, r3, #8
 562 0036 DD67     		str	r5, [r3, #124]
 563 0038 0434     		add	r4, r4, #4
 564 003a 0023     		mov	r3, #0
 565 003c E367     		str	r3, [r4, #124]
 566 003e FFF7FEFF 		bl	prvSendNextSegment
 567              		@ sp needed for prologue
 568 0042 70BC     		pop	{r4, r5, r6}
 569 0044 01BC     		pop	{r0}
 570 0046 0047     		bx	r0
 571              	.L54:
 572              		.align	2
 573              	.L53:
 574 0048 00000000 		.word	eDriverState
 575 004c 00000000 		.word	pxControlTx
 577              		.section	.bss.xRequest.3556,"aw",%nobits
 578              		.align	2
 581              	xRequest.3556:
 582 0000 00000000 		.space	8
 582      00000000 
 583              		.section	.text.vUSBCDCTask,"ax",%progbits
 584              		.align	2
 585              		.global	vUSBCDCTask
 586              		.code 16
 587              		.thumb_func
 589              	vUSBCDCTask:
 590 0000 F0B5     		push	{r4, r5, r6, r7, lr}
 591 0002 85B0     		sub	sp, sp, #20
 592 0004 FFF7FEFF 		bl	vPortEnterCritical
 593 0008 FFF7FEFF 		bl	vPortExitCritical
 594 000c F020     		mov	r0, #240
 595 000e FFF7FEFF 		bl	vTaskDelay
 596 0012 FFF7FEFF 		bl	vPortEnterCritical
 597 0016 0421     		mov	r1, #4
 598 0018 0420     		mov	r0, #4
 599 001a FFF7FEFF 		bl	xQueueCreate
 600 001e CC4C     		ldr	r4, .L161
 601 0020 0121     		mov	r1, #1
 602 0022 2060     		str	r0, [r4]
 603 0024 C820     		mov	r0, #200
 604 0026 FFF7FEFF 		bl	xQueueCreate
 605 002a CA4D     		ldr	r5, .L161+4
 606 002c 0121     		mov	r1, #1
 607 002e 2860     		str	r0, [r5]
 608 0030 C920     		mov	r0, #201
 609 0032 FFF7FEFF 		bl	xQueueCreate
 610 0036 C84B     		ldr	r3, .L161+8
 611 0038 1860     		str	r0, [r3]
 612 003a 2368     		ldr	r3, [r4]
 613 003c 002B     		cmp	r3, #0
 614 003e 04D0     		beq	.L147
 615 0040 2B68     		ldr	r3, [r5]
 616 0042 002B     		cmp	r3, #0
 617 0044 01D0     		beq	.L147
 618 0046 0028     		cmp	r0, #0
 619 0048 06D1     		bne	.L59
 620              	.L147:
 621 004a 0420     		mov	r0, #4
 622 004c FFF7FEFF 		bl	Toggle_LED
 623 0050 6420     		mov	r0, #100
 624 0052 FFF7FEFF 		bl	vTaskDelay
 625 0056 F8E7     		b	.L147
 626              	.L59:
 627 0058 C04B     		ldr	r3, .L161+12
 628 005a 0021     		mov	r1, #0
 629 005c 0433     		add	r3, r3, #4
 630 005e D967     		str	r1, [r3, #124]
 631 0060 BF4B     		ldr	r3, .L161+16
 632 0062 0433     		add	r3, r3, #4
 633 0064 D967     		str	r1, [r3, #124]
 634 0066 BF4B     		ldr	r3, .L161+20
 635 0068 1970     		strb	r1, [r3]
 636 006a BF4B     		ldr	r3, .L161+24
 637 006c 1960     		str	r1, [r3]
 638 006e BF4B     		ldr	r3, .L161+28
 639 0070 BF4A     		ldr	r2, .L161+32
 640 0072 1970     		strb	r1, [r3]
 641 0074 0223     		mov	r3, #2
 642 0076 1360     		str	r3, [r2]
 643 0078 BE48     		ldr	r0, .L161+36
 644 007a 8023     		mov	r3, #128
 645 007c C268     		ldr	r2, [r0, #12]
 646 007e 5B05     		lsl	r3, r3, #21
 647 0080 1A43     		orr	r2, r2, r3
 648 0082 C260     		str	r2, [r0, #12]
 649 0084 8024     		mov	r4, #128
 650 0086 BC4A     		ldr	r2, .L161+40
 651 0088 8023     		mov	r3, #128
 652 008a 2401     		lsl	r4, r4, #4
 653 008c 1360     		str	r3, [r2]
 654 008e 1461     		str	r4, [r2, #16]
 655 0090 0123     		mov	r3, #1
 656 0092 BA4A     		ldr	r2, .L161+44
 657 0094 5B42     		neg	r3, r3
 658 0096 5361     		str	r3, [r2, #20]
 659 0098 1362     		str	r3, [r2, #32]
 660 009a B94B     		ldr	r3, .L161+48
 661 009c 1960     		str	r1, [r3]
 662 009e B94B     		ldr	r3, .L161+52
 663 00a0 1163     		str	r1, [r2, #48]
 664 00a2 5163     		str	r1, [r2, #52]
 665 00a4 9163     		str	r1, [r2, #56]
 666 00a6 D163     		str	r1, [r2, #60]
 667 00a8 5160     		str	r1, [r2, #4]
 668 00aa 9160     		str	r1, [r2, #8]
 669 00ac 0293     		str	r3, [sp, #8]
 670 00ae B64B     		ldr	r3, .L161+56
 671 00b0 0322     		mov	r2, #3
 672 00b2 0093     		str	r3, [sp]
 673 00b4 0B21     		mov	r1, #11
 674 00b6 0023     		mov	r3, #0
 675 00b8 0298     		ldr	r0, [sp, #8]
 676 00ba FFF7FEFF 		bl	AT91F_AIC_ConfigureIt
 677 00be B34B     		ldr	r3, .L161+60
 678 00c0 FA20     		mov	r0, #250
 679 00c2 5C62     		str	r4, [r3, #36]
 680 00c4 FFF7FEFF 		bl	vTaskDelay
 681 00c8 B14A     		ldr	r2, .L161+64
 682 00ca 0123     		mov	r3, #1
 683 00cc 1360     		str	r3, [r2]
 684 00ce FFF7FEFF 		bl	vPortExitCritical
 685              	.L159:
 686 00d2 9F4B     		ldr	r3, .L161
 687 00d4 03A9     		add	r1, sp, #12
 688 00d6 1868     		ldr	r0, [r3]
 689 00d8 0122     		mov	r2, #1
 690 00da FFF7FEFF 		bl	xQueueReceive
 691 00de 0028     		cmp	r0, #0
 692 00e0 00D1     		bne	.LCB439
 693 00e2 94E1     		b	.L61	@long jump
 694              	.LCB439:
 695 00e4 039E     		ldr	r6, [sp, #12]
 696 00e6 3368     		ldr	r3, [r6]
 697 00e8 0121     		mov	r1, #1
 698 00ea 0B42     		tst	r3, r1
 699 00ec 00D1     		bne	.LCB445
 700 00ee 6BE1     		b	.L63	@long jump
 701              	.LCB445:
 702 00f0 7268     		ldr	r2, [r6, #4]
 703 00f2 5301     		lsl	r3, r2, #5
 704 00f4 5F0D     		lsr	r7, r3, #21
 705 00f6 0A42     		tst	r2, r1
 706 00f8 3DD0     		beq	.L65
 707 00fa 9B4A     		ldr	r2, .L161+24
 708 00fc 1568     		ldr	r5, [r2]
 709 00fe 0192     		str	r2, [sp, #4]
 710 0100 022D     		cmp	r5, #2
 711 0102 22D1     		bne	.L67
 712 0104 9D4C     		ldr	r4, .L161+44
 713 0106 6560     		str	r5, [r4, #4]
 714 0108 FFF7FEFF 		bl	vPortEnterCritical
 715 010c 626B     		ldr	r2, [r4, #52]
 716 010e 4F20     		mov	r0, #79
 717 0110 3021     		mov	r1, #48
 718 0112 0243     		orr	r2, r2, r0
 719 0114 8223     		mov	r3, #130
 720 0116 8A43     		bic	r2, r2, r1
 721 0118 1B02     		lsl	r3, r3, #8
 722 011a 1A43     		orr	r2, r2, r3
 723 011c 6263     		str	r2, [r4, #52]
 724 011e 2561     		str	r5, [r4, #16]
 725 0120 A36B     		ldr	r3, [r4, #56]
 726 0122 8622     		mov	r2, #134
 727 0124 0343     		orr	r3, r3, r0
 728 0126 8B43     		bic	r3, r3, r1
 729 0128 1202     		lsl	r2, r2, #8
 730 012a 1343     		orr	r3, r3, r2
 731 012c A363     		str	r3, [r4, #56]
 732 012e 0423     		mov	r3, #4
 733 0130 2361     		str	r3, [r4, #16]
 734 0132 E36B     		ldr	r3, [r4, #60]
 735 0134 8722     		mov	r2, #135
 736 0136 0343     		orr	r3, r3, r0
 737 0138 1202     		lsl	r2, r2, #8
 738 013a 8B43     		bic	r3, r3, r1
 739 013c 1343     		orr	r3, r3, r2
 740 013e E363     		str	r3, [r4, #60]
 741 0140 FFF7FEFF 		bl	vPortExitCritical
 742 0144 019A     		ldr	r2, [sp, #4]
 743 0146 0523     		mov	r3, #5
 744 0148 11E0     		b	.L154
 745              	.L67:
 746 014a 032D     		cmp	r5, #3
 747 014c 11D1     		bne	.L69
 748 014e 914B     		ldr	r3, .L161+68
 749 0150 1A68     		ldr	r2, [r3]
 750 0152 002A     		cmp	r2, #0
 751 0154 02D0     		beq	.L71
 752 0156 894B     		ldr	r3, .L161+44
 753 0158 5960     		str	r1, [r3, #4]
 754 015a 01E0     		b	.L73
 755              	.L71:
 756 015c 874B     		ldr	r3, .L161+44
 757 015e 5A60     		str	r2, [r3, #4]
 758              	.L73:
 759 0160 8023     		mov	r3, #128
 760 0162 5B00     		lsl	r3, r3, #1
 761 0164 1A43     		orr	r2, r2, r3
 762 0166 854B     		ldr	r3, .L161+44
 763 0168 9A60     		str	r2, [r3, #8]
 764 016a 7F4A     		ldr	r2, .L161+24
 765 016c 0023     		mov	r3, #0
 766              	.L154:
 767 016e 1360     		str	r3, [r2]
 768 0170 01E0     		b	.L65
 769              	.L69:
 770 0172 FFF7FEFF 		bl	prvSendNextSegment
 771              	.L65:
 772 0176 7368     		ldr	r3, [r6, #4]
 773 0178 9A07     		lsl	r2, r3, #30
 774 017a 1CD5     		bpl	.L74
 775 017c 774B     		ldr	r3, .L161+12
 776 017e 1A1D     		add	r2, r3, #4
 777 0180 0833     		add	r3, r3, #8
 778 0182 DB6F     		ldr	r3, [r3, #124]
 779 0184 7648     		ldr	r0, .L161+16
 780 0186 D367     		str	r3, [r2, #124]
 781 0188 031C     		mov	r3, r0
 782 018a 0833     		add	r3, r3, #8
 783 018c 051D     		add	r5, r0, #4
 784 018e DB6F     		ldr	r3, [r3, #124]
 785 0190 EA6F     		ldr	r2, [r5, #124]
 786 0192 9B1A     		sub	r3, r3, r2
 787 0194 1B06     		lsl	r3, r3, #24
 788 0196 1C0E     		lsr	r4, r3, #24
 789 0198 BC42     		cmp	r4, r7
 790 019a 01D9     		bls	.L76
 791 019c 3B06     		lsl	r3, r7, #24
 792 019e 1C0E     		lsr	r4, r3, #24
 793              	.L76:
 794 01a0 002C     		cmp	r4, #0
 795 01a2 00D1     		bne	.LCB553
 796 01a4 10E1     		b	.L63	@long jump
 797              	.LCB553:
 798 01a6 311C     		mov	r1, r6
 799 01a8 0831     		add	r1, r1, #8
 800 01aa 221C     		mov	r2, r4
 801 01ac FFF7FEFF 		bl	memcpy
 802 01b0 EB6F     		ldr	r3, [r5, #124]
 803 01b2 1B19     		add	r3, r3, r4
 804 01b4 EB67     		str	r3, [r5, #124]
 805              	.L74:
 806 01b6 7368     		ldr	r3, [r6, #4]
 807 01b8 5A07     		lsl	r2, r3, #29
 808 01ba 2AD5     		bpl	.L79
 809 01bc 072F     		cmp	r7, #7
 810 01be 28D9     		bls	.L79
 811 01c0 307A     		ldrb	r0, [r6, #8]
 812 01c2 7549     		ldr	r1, .L161+72
 813 01c4 0870     		strb	r0, [r1]
 814 01c6 737A     		ldrb	r3, [r6, #9]
 815 01c8 4B70     		strb	r3, [r1, #1]
 816 01ca F37A     		ldrb	r3, [r6, #11]
 817 01cc 1B02     		lsl	r3, r3, #8
 818 01ce 4B80     		strh	r3, [r1, #2]
 819 01d0 B27A     		ldrb	r2, [r6, #10]
 820 01d2 1343     		orr	r3, r3, r2
 821 01d4 4B80     		strh	r3, [r1, #2]
 822 01d6 737B     		ldrb	r3, [r6, #13]
 823 01d8 1B02     		lsl	r3, r3, #8
 824 01da 8B80     		strh	r3, [r1, #4]
 825 01dc 327B     		ldrb	r2, [r6, #12]
 826 01de 1343     		orr	r3, r3, r2
 827 01e0 8B80     		strh	r3, [r1, #4]
 828 01e2 F37B     		ldrb	r3, [r6, #15]
 829 01e4 1B02     		lsl	r3, r3, #8
 830 01e6 CB80     		strh	r3, [r1, #6]
 831 01e8 B27B     		ldrb	r2, [r6, #14]
 832 01ea 1C1C     		mov	r4, r3
 833 01ec 1443     		orr	r4, r4, r2
 834 01ee 5C4A     		ldr	r2, .L161+16
 835 01f0 CC80     		strh	r4, [r1, #6]
 836 01f2 131D     		add	r3, r2, #4
 837 01f4 0021     		mov	r1, #0
 838 01f6 0006     		lsl	r0, r0, #24
 839 01f8 D967     		str	r1, [r3, #124]
 840 01fa 0028     		cmp	r0, #0
 841 01fc 06DB     		blt	.L82
 842 01fe 802C     		cmp	r4, #128
 843 0200 00D9     		bls	.LCB620
 844 0202 DFE0     		b	.L149	@long jump
 845              	.LCB620:
 846 0204 131C     		mov	r3, r2
 847 0206 0833     		add	r3, r3, #8
 848 0208 DC67     		str	r4, [r3, #124]
 849 020a 02E0     		b	.L79
 850              	.L82:
 851 020c 131C     		mov	r3, r2
 852 020e 0833     		add	r3, r3, #8
 853 0210 D967     		str	r1, [r3, #124]
 854              	.L79:
 855 0212 7268     		ldr	r2, [r6, #4]
 856 0214 0623     		mov	r3, #6
 857 0216 1A42     		tst	r2, r3
 858 0218 00D1     		bne	.LCB637
 859 021a D5E0     		b	.L63	@long jump
 860              	.LCB637:
 861 021c 504D     		ldr	r5, .L161+16
 862 021e 2A1C     		mov	r2, r5
 863 0220 2B1D     		add	r3, r5, #4
 864 0222 0832     		add	r2, r2, #8
 865 0224 D96F     		ldr	r1, [r3, #124]
 866 0226 D36F     		ldr	r3, [r2, #124]
 867 0228 9942     		cmp	r1, r3
 868 022a 00D2     		bcs	.LCB645
 869 022c CCE0     		b	.L63	@long jump
 870              	.LCB645:
 871 022e 5A4C     		ldr	r4, .L161+72
 872 0230 2178     		ldrb	r1, [r4]
 873 0232 6023     		mov	r3, #96
 874 0234 0B40     		and	r3, r3, r1
 875 0236 0322     		mov	r2, #3
 876 0238 DB10     		asr	r3, r3, #3
 877 023a 1140     		and	r1, r1, r2
 878 023c 0B43     		orr	r3, r3, r1
 879 023e 012B     		cmp	r3, #1
 880 0240 5FD0     		beq	.L90
 881 0242 012B     		cmp	r3, #1
 882 0244 06D3     		bcc	.L89
 883 0246 022B     		cmp	r3, #2
 884 0248 00D1     		bne	.LCB663
 885 024a BBE0     		b	.L149	@long jump
 886              	.LCB663:
 887 024c 052B     		cmp	r3, #5
 888 024e 00D0     		beq	.LCB665
 889 0250 B8E0     		b	.L149	@long jump
 890              	.LCB665:
 891 0252 5FE0     		b	.L92
 892              	.L89:
 893 0254 04AB     		add	r3, sp, #16
 894 0256 0022     		mov	r2, #0
 895 0258 1A80     		strh	r2, [r3]
 896 025a 6378     		ldrb	r3, [r4, #1]
 897 025c 092B     		cmp	r3, #9
 898 025e 00D9     		bls	.LCB677
 899 0260 B0E0     		b	.L149	@long jump
 900              	.LCB677:
 901 0262 4E4A     		ldr	r2, .L161+76
 902 0264 9B00     		lsl	r3, r3, #2
 903 0266 9B58     		ldr	r3, [r3, r2]
 904 0268 9F46     		mov	pc, r3
 905              		.section	.rodata.vUSBCDCTask,"a",%progbits
 906              		.align	2
 907              		.align	2
 908              	.L100:
 909 0000 6A020000 		.word	.L94
 910 0004 C4030000 		.word	.L149
 911 0008 C4030000 		.word	.L149
 912 000c FC020000 		.word	.L156
 913 0010 C4030000 		.word	.L149
 914 0014 DA020000 		.word	.L96
 915 0018 6E020000 		.word	.L97
 916 001c C4030000 		.word	.L149
 917 0020 D2020000 		.word	.L98
 918 0024 EE020000 		.word	.L99
 919              		.section	.text.vUSBCDCTask
 920              	.L94:
 921 026a 04A8     		add	r0, sp, #16
 922 026c 4FE0     		b	.L113
 923              	.L97:
 924 026e 4A49     		ldr	r1, .L161+72
 925 0270 4A88     		ldrh	r2, [r1, #2]
 926 0272 130A     		lsr	r3, r2, #8
 927 0274 022B     		cmp	r3, #2
 928 0276 0AD0     		beq	.L103
 929 0278 032B     		cmp	r3, #3
 930 027a 0CD0     		beq	.L104
 931 027c 012B     		cmp	r3, #1
 932 027e 00D0     		beq	.LCB706
 933 0280 A0E0     		b	.L149	@long jump
 934              	.LCB706:
 935 0282 4748     		ldr	r0, .L161+80
 936 0284 C988     		ldrh	r1, [r1, #6]
 937 0286 1222     		mov	r2, #18
 938              	.L155:
 939 0288 FFF7FEFF 		bl	prvSendControlData
 940 028c 9CE0     		b	.L63
 941              	.L103:
 942 028e 4548     		ldr	r0, .L161+84
 943 0290 C988     		ldrh	r1, [r1, #6]
 944 0292 4322     		mov	r2, #67
 945 0294 1BE0     		b	.L158
 946              	.L104:
 947 0296 FF23     		mov	r3, #255
 948 0298 1340     		and	r3, r3, r2
 949 029a 042B     		cmp	r3, #4
 950 029c 00D9     		bls	.LCB731
 951 029e 91E0     		b	.L149	@long jump
 952              	.LCB731:
 953 02a0 414A     		ldr	r2, .L161+88
 954 02a2 9B00     		lsl	r3, r3, #2
 955 02a4 9B58     		ldr	r3, [r3, r2]
 956 02a6 9F46     		mov	pc, r3
 957              		.section	.rodata.vUSBCDCTask
 958              		.align	2
 959              		.align	2
 960              	.L111:
 961 0028 A8020000 		.word	.L106
 962 002c B0020000 		.word	.L107
 963 0030 B8020000 		.word	.L108
 964 0034 C0020000 		.word	.L109
 965 0038 C8020000 		.word	.L110
 966              		.section	.text.vUSBCDCTask
 967              	.L106:
 968 02a8 4048     		ldr	r0, .L161+92
 969 02aa C988     		ldrh	r1, [r1, #6]
 970 02ac 0422     		mov	r2, #4
 971 02ae 0EE0     		b	.L158
 972              	.L107:
 973 02b0 3F48     		ldr	r0, .L161+96
 974 02b2 C988     		ldrh	r1, [r1, #6]
 975 02b4 1222     		mov	r2, #18
 976 02b6 0AE0     		b	.L158
 977              	.L108:
 978 02b8 3E48     		ldr	r0, .L161+100
 979 02ba C988     		ldrh	r1, [r1, #6]
 980 02bc 2422     		mov	r2, #36
 981 02be 06E0     		b	.L158
 982              	.L109:
 983 02c0 3D48     		ldr	r0, .L161+104
 984 02c2 C988     		ldrh	r1, [r1, #6]
 985 02c4 2622     		mov	r2, #38
 986 02c6 02E0     		b	.L158
 987              	.L110:
 988 02c8 3C48     		ldr	r0, .L161+108
 989 02ca C988     		ldrh	r1, [r1, #6]
 990 02cc 1E22     		mov	r2, #30
 991              	.L158:
 992 02ce 0123     		mov	r3, #1
 993 02d0 DAE7     		b	.L155
 994              	.L98:
 995 02d2 2448     		ldr	r0, .L161+20
 996 02d4 0121     		mov	r1, #1
 997 02d6 0122     		mov	r2, #1
 998 02d8 31E0     		b	.L157
 999              	.L96:
 1000 02da FFF7FEFF 		bl	prvSendZLP
 1001 02de 224A     		ldr	r2, .L161+24
 1002 02e0 0323     		mov	r3, #3
 1003 02e2 1360     		str	r3, [r2]
 1004 02e4 2C4B     		ldr	r3, .L161+72
 1005 02e6 2B4A     		ldr	r2, .L161+68
 1006 02e8 5B88     		ldrh	r3, [r3, #2]
 1007 02ea 1360     		str	r3, [r2]
 1008 02ec 6CE0     		b	.L63
 1009              	.L99:
 1010 02ee 2A4B     		ldr	r3, .L161+72
 1011 02f0 1C4A     		ldr	r2, .L161+20
 1012 02f2 5B88     		ldrh	r3, [r3, #2]
 1013 02f4 1370     		strb	r3, [r2]
 1014 02f6 1C4A     		ldr	r2, .L161+24
 1015 02f8 0223     		mov	r3, #2
 1016 02fa 1360     		str	r3, [r2]
 1017              	.L156:
 1018 02fc FFF7FEFF 		bl	prvSendZLP
 1019 0300 62E0     		b	.L63
 1020              	.L90:
 1021 0302 0023     		mov	r3, #0
 1022 0304 04A8     		add	r0, sp, #16
 1023 0306 0380     		strh	r3, [r0]
 1024 0308 6378     		ldrb	r3, [r4, #1]
 1025 030a 002B     		cmp	r3, #0
 1026 030c 5AD1     		bne	.L149
 1027              	.L113:
 1028 030e 0221     		mov	r1, #2
 1029 0310 0222     		mov	r2, #2
 1030 0312 14E0     		b	.L157
 1031              	.L92:
 1032 0314 6378     		ldrb	r3, [r4, #1]
 1033 0316 202B     		cmp	r3, #32
 1034 0318 06D0     		beq	.L118
 1035 031a 202B     		cmp	r3, #32
 1036 031c 52D9     		bls	.L149
 1037 031e 212B     		cmp	r3, #33
 1038 0320 0AD0     		beq	.L119
 1039 0322 222B     		cmp	r3, #34
 1040 0324 4ED1     		bne	.L149
 1041 0326 0CE0     		b	.L120
 1042              	.L118:
 1043 0328 FFF7FEFF 		bl	prvSendZLP
 1044 032c 291C     		mov	r1, r5
 1045 032e 0722     		mov	r2, #7
 1046 0330 2348     		ldr	r0, .L161+112
 1047 0332 FFF7FEFF 		bl	memcpy
 1048 0336 47E0     		b	.L63
 1049              	.L119:
 1050 0338 2148     		ldr	r0, .L161+112
 1051 033a E188     		ldrh	r1, [r4, #6]
 1052 033c 0722     		mov	r2, #7
 1053              	.L157:
 1054 033e 0023     		mov	r3, #0
 1055 0340 A2E7     		b	.L155
 1056              	.L120:
 1057 0342 FFF7FEFF 		bl	prvSendZLP
 1058 0346 094A     		ldr	r2, .L161+28
 1059 0348 6388     		ldrh	r3, [r4, #2]
 1060 034a 1370     		strb	r3, [r2]
 1061 034c 3CE0     		b	.L63
 1062              	.L162:
 1063 034e 0000     		.align	2
 1064              	.L161:
 1065 0350 00000000 		.word	xUSBInterruptQueue
 1066 0354 00000000 		.word	xRxCDC
 1067 0358 00000000 		.word	xTxCDC
 1068 035c 00000000 		.word	pxControlTx
 1069 0360 00000000 		.word	pxControlRx
 1070 0364 00000000 		.word	ucUSBConfig
 1071 0368 00000000 		.word	eDriverState
 1072 036c 00000000 		.word	ucControlState
 1073 0370 00000000 		.word	uiCurrentBank
 1074 0374 20FCFFFF 		.word	-992
 1075 0378 00FCFFFF 		.word	-1024
 1076 037c 0000FBFF 		.word	-327680
 1077 0380 7400FBFF 		.word	-327564
 1078 0384 00F0FFFF 		.word	-4096
 1079 0388 00000000 		.word	vUSB_ISR
 1080 038c FCF0FFFF 		.word	-3844
 1081 0390 00000000 		.word	usbIntefacedInitialized
 1082 0394 00000000 		.word	ulReceivedAddress
 1083 0398 00000000 		.word	xRequest.3556
 1084 039c 00000000 		.word	.L100
 1085 03a0 00000000 		.word	pxDeviceDescriptor
 1086 03a4 00000000 		.word	pxConfigDescriptor
 1087 03a8 28000000 		.word	.L111
 1088 03ac 00000000 		.word	pxLanguageStringDescriptor
 1089 03b0 00000000 		.word	pxManufacturerStringDescriptor
 1090 03b4 00000000 		.word	pxProductStringDescriptor
 1091 03b8 00000000 		.word	pxConfigurationStringDescriptor
 1092 03bc 00000000 		.word	pxInterfaceStringDescriptor
 1093 03c0 00000000 		.word	pxLineCoding
 1094              	.L149:
 1095 03c4 FFF7FEFF 		bl	prvSendStall
 1096              	.L63:
 1097 03c8 039B     		ldr	r3, [sp, #12]
 1098 03ca 1B68     		ldr	r3, [r3]
 1099 03cc DA04     		lsl	r2, r3, #19
 1100 03ce 1ED5     		bpl	.L61
 1101 03d0 404B     		ldr	r3, .L163
 1102 03d2 414A     		ldr	r2, .L163+4
 1103 03d4 0125     		mov	r5, #1
 1104 03d6 414C     		ldr	r4, .L163+8
 1105 03d8 1D60     		str	r5, [r3]
 1106 03da 0023     		mov	r3, #0
 1107 03dc 1370     		strb	r3, [r2]
 1108 03de 0F23     		mov	r3, #15
 1109 03e0 A362     		str	r3, [r4, #40]
 1110 03e2 0023     		mov	r3, #0
 1111 03e4 A362     		str	r3, [r4, #40]
 1112 03e6 8023     		mov	r3, #128
 1113 03e8 5B00     		lsl	r3, r3, #1
 1114 03ea A360     		str	r3, [r4, #8]
 1115 03ec FFF7FEFF 		bl	vPortEnterCritical
 1116 03f0 226B     		ldr	r2, [r4, #48]
 1117 03f2 4F23     		mov	r3, #79
 1118 03f4 1A43     		orr	r2, r2, r3
 1119 03f6 3023     		mov	r3, #48
 1120 03f8 9A43     		bic	r2, r2, r3
 1121 03fa 8023     		mov	r3, #128
 1122 03fc 1B02     		lsl	r3, r3, #8
 1123 03fe 1A43     		orr	r2, r2, r3
 1124 0400 2263     		str	r2, [r4, #48]
 1125 0402 2561     		str	r5, [r4, #16]
 1126 0404 FFF7FEFF 		bl	vPortExitCritical
 1127 0408 354A     		ldr	r2, .L163+12
 1128 040a 0223     		mov	r3, #2
 1129 040c 1360     		str	r3, [r2]
 1130              	.L61:
 1131 040e 314B     		ldr	r3, .L163
 1132 0410 1B68     		ldr	r3, [r3]
 1133 0412 052B     		cmp	r3, #5
 1134 0414 00D0     		beq	.LCB962
 1135 0416 5CE6     		b	.L159	@long jump
 1136              	.LCB962:
 1137 0418 2F4B     		ldr	r3, .L163+4
 1138 041a 1B78     		ldrb	r3, [r3]
 1139 041c 002B     		cmp	r3, #0
 1140 041e 00D1     		bne	.LCB968
 1141 0420 57E6     		b	.L159	@long jump
 1142              	.LCB968:
 1143 0422 2E4B     		ldr	r3, .L163+8
 1144 0424 9B6B     		ldr	r3, [r3, #56]
 1145 0426 DA06     		lsl	r2, r3, #27
 1146 0428 4ED4     		bmi	.L160
 1147 042a 2E4B     		ldr	r3, .L163+16
 1148 042c 1868     		ldr	r0, [r3]
 1149 042e FFF7FEFF 		bl	uxQueueMessagesWaiting
 1150 0432 0028     		cmp	r0, #0
 1151 0434 48D0     		beq	.L160
 1152 0436 0024     		mov	r4, #0
 1153              	.L128:
 1154 0438 2A4B     		ldr	r3, .L163+16
 1155 043a 6D46     		mov	r5, sp
 1156 043c 1335     		add	r5, r5, #19
 1157 043e 1868     		ldr	r0, [r3]
 1158 0440 291C     		mov	r1, r5
 1159 0442 0022     		mov	r2, #0
 1160 0444 FFF7FEFF 		bl	xQueueReceive
 1161 0448 0028     		cmp	r0, #0
 1162 044a 05D0     		beq	.L129
 1163 044c 2A78     		ldrb	r2, [r5]
 1164 044e 234B     		ldr	r3, .L163+8
 1165 0450 0134     		add	r4, r4, #1
 1166 0452 9A65     		str	r2, [r3, #88]
 1167 0454 402C     		cmp	r4, #64
 1168 0456 EFD1     		bne	.L128
 1169              	.L129:
 1170 0458 204B     		ldr	r3, .L163+8
 1171 045a 9A6B     		ldr	r2, [r3, #56]
 1172 045c 1021     		mov	r1, #16
 1173 045e 0A43     		orr	r2, r2, r1
 1174 0460 9A63     		str	r2, [r3, #56]
 1175 0462 31E0     		b	.L160
 1176              	.L131:
 1177 0464 4B6B     		ldr	r3, [r1, #52]
 1178 0466 5B01     		lsl	r3, r3, #5
 1179 0468 5D0D     		lsr	r5, r3, #21
 1180 046a 1F4B     		ldr	r3, .L163+20
 1181 046c 1868     		ldr	r0, [r3]
 1182 046e FFF7FEFF 		bl	uxQueueMessagesWaiting
 1183 0472 C823     		mov	r3, #200
 1184 0474 1B1A     		sub	r3, r3, r0
 1185 0476 9D42     		cmp	r5, r3
 1186 0478 00D3     		bcc	.LCB1023
 1187 047a 2AE6     		b	.L159	@long jump
 1188              	.LCB1023:
 1189 047c 0024     		mov	r4, #0
 1190 047e 0AE0     		b	.L133
 1191              	.L134:
 1192 0480 164B     		ldr	r3, .L163+8
 1193 0482 6946     		mov	r1, sp
 1194 0484 5B6D     		ldr	r3, [r3, #84]
 1195 0486 1331     		add	r1, r1, #19
 1196 0488 0B70     		strb	r3, [r1]
 1197 048a 174B     		ldr	r3, .L163+20
 1198 048c 0022     		mov	r2, #0
 1199 048e 1868     		ldr	r0, [r3]
 1200 0490 FFF7FEFF 		bl	xQueueSend
 1201 0494 0134     		add	r4, r4, #1
 1202              	.L133:
 1203 0496 AC42     		cmp	r4, r5
 1204 0498 F2D1     		bne	.L134
 1205 049a 104C     		ldr	r4, .L163+8
 1206 049c FFF7FEFF 		bl	vPortEnterCritical
 1207 04a0 636B     		ldr	r3, [r4, #52]
 1208 04a2 0F4D     		ldr	r5, .L163+12
 1209 04a4 4F22     		mov	r2, #79
 1210 04a6 1343     		orr	r3, r3, r2
 1211 04a8 3022     		mov	r2, #48
 1212 04aa 9343     		bic	r3, r3, r2
 1213 04ac 2A68     		ldr	r2, [r5]
 1214 04ae 9343     		bic	r3, r3, r2
 1215 04b0 6363     		str	r3, [r4, #52]
 1216 04b2 FFF7FEFF 		bl	vPortExitCritical
 1217 04b6 0222     		mov	r2, #2
 1218 04b8 2261     		str	r2, [r4, #16]
 1219 04ba 2B68     		ldr	r3, [r5]
 1220 04bc 022B     		cmp	r3, #2
 1221 04be 02D1     		bne	.L136
 1222 04c0 4023     		mov	r3, #64
 1223 04c2 2B60     		str	r3, [r5]
 1224 04c4 00E0     		b	.L160
 1225              	.L136:
 1226 04c6 2A60     		str	r2, [r5]
 1227              	.L160:
 1228 04c8 0449     		ldr	r1, .L163+8
 1229 04ca 4A6B     		ldr	r2, [r1, #52]
 1230 04cc 4223     		mov	r3, #66
 1231 04ce 1A42     		tst	r2, r3
 1232 04d0 C8D1     		bne	.L131
 1233 04d2 FEE5     		b	.L159
 1234              	.L164:
 1235              		.align	2
 1236              	.L163:
 1237 04d4 00000000 		.word	eDriverState
 1238 04d8 00000000 		.word	ucControlState
 1239 04dc 0000FBFF 		.word	-327680
 1240 04e0 00000000 		.word	uiCurrentBank
 1241 04e4 00000000 		.word	xTxCDC
 1242 04e8 00000000 		.word	xRxCDC
 1244              		.section	.text.vUSBSendDebug,"ax",%progbits
 1245              		.align	2
 1246              		.global	vUSBSendDebug
 1247              		.code 16
 1248              		.thumb_func
 1250              	vUSBSendDebug:
 1251 0000 70B5     		push	{r4, r5, r6, lr}
 1252 0002 041C     		mov	r4, r0
 1253 0004 FFF7FEFF 		bl	strlen
 1254 0008 0025     		mov	r5, #0
 1255 000a 061C     		mov	r6, r0
 1256 000c 04E0     		b	.L166
 1257              	.L167:
 1258 000e 2078     		ldrb	r0, [r4]
 1259 0010 FFF7FEFF 		bl	vUSBSendByte
 1260 0014 0134     		add	r4, r4, #1
 1261 0016 0135     		add	r5, r5, #1
 1262              	.L166:
 1263 0018 B542     		cmp	r5, r6
 1264 001a F8D1     		bne	.L167
 1265              		@ sp needed for prologue
 1266 001c 70BC     		pop	{r4, r5, r6}
 1267 001e 01BC     		pop	{r0}
 1268 0020 0047     		bx	r0
 1270              		.comm	xUSBInterruptQueue,4,4
 1271 0022 C046     		.section	.bss.uiCurrentBank,"aw",%nobits
 1272              		.align	2
 1275              	uiCurrentBank:
 1276 0000 00000000 		.space	4
 1277              		.section	.bss.ucControlState,"aw",%nobits
 1280              	ucControlState:
 1281 0000 00       		.space	1
 1282              		.section	.bss.xTxCDC,"aw",%nobits
 1283              		.align	2
 1286              	xTxCDC:
 1287 0000 00000000 		.space	4
 1288              		.section	.bss.xRxCDC,"aw",%nobits
 1289              		.align	2
 1292              	xRxCDC:
 1293 0000 00000000 		.space	4
 1294              		.section	.bss.pxControlRx,"aw",%nobits
 1295              		.align	2
 1298              	pxControlRx:
 1299 0000 00000000 		.space	136
 1299      00000000 
 1299      00000000 
 1299      00000000 
 1299      00000000 
 1300              		.section	.bss.pxControlTx,"aw",%nobits
 1301              		.align	2
 1304              	pxControlTx:
 1305 0000 00000000 		.space	136
 1305      00000000 
 1305      00000000 
 1305      00000000 
 1305      00000000 
 1306              		.ident	"GCC: (GNU) 4.0.2"
DEFINED SYMBOLS
                            *ABS*:00000000 USB-CDC.c
/cygdrive/c/Users/brent/AppData/Local/Temp/cchV5rGJ.s:1      .text:00000000 $t
/cygdrive/c/Users/brent/AppData/Local/Temp/cchV5rGJ.s:7      .rodata.pxConfigDescriptor:00000000 pxConfigDescriptor
/cygdrive/c/Users/brent/AppData/Local/Temp/cchV5rGJ.s:79     .rodata.pxDeviceDescriptor:00000000 pxDeviceDescriptor
/cygdrive/c/Users/brent/AppData/Local/Temp/cchV5rGJ.s:102    .rodata.pxInterfaceStringDescriptor:00000000 pxInterfaceStringDescriptor
/cygdrive/c/Users/brent/AppData/Local/Temp/cchV5rGJ.s:137    .rodata.pxConfigurationStringDescriptor:00000000 pxConfigurationStringDescriptor
/cygdrive/c/Users/brent/AppData/Local/Temp/cchV5rGJ.s:180    .rodata.pxProductStringDescriptor:00000000 pxProductStringDescriptor
/cygdrive/c/Users/brent/AppData/Local/Temp/cchV5rGJ.s:221    .rodata.pxManufacturerStringDescriptor:00000000 pxManufacturerStringDescriptor
/cygdrive/c/Users/brent/AppData/Local/Temp/cchV5rGJ.s:244    .rodata.pxLanguageStringDescriptor:00000000 pxLanguageStringDescriptor
/cygdrive/c/Users/brent/AppData/Local/Temp/cchV5rGJ.s:253    .bss.usbIntefacedInitialized:00000000 usbIntefacedInitialized
/cygdrive/c/Users/brent/AppData/Local/Temp/cchV5rGJ.s:259    .bss.eDriverState:00000000 eDriverState
/cygdrive/c/Users/brent/AppData/Local/Temp/cchV5rGJ.s:264    .bss.ucUSBConfig:00000000 ucUSBConfig
/cygdrive/c/Users/brent/AppData/Local/Temp/cchV5rGJ.s:270    .bss.ulReceivedAddress:00000000 ulReceivedAddress
/cygdrive/c/Users/brent/AppData/Local/Temp/cchV5rGJ.s:275    .rodata.pxLineCoding:00000000 pxLineCoding
/cygdrive/c/Users/brent/AppData/Local/Temp/cchV5rGJ.s:289    .text.vUSBIsInitialized:00000000 vUSBIsInitialized
/cygdrive/c/Users/brent/AppData/Local/Temp/cchV5rGJ.s:286    .text.vUSBIsInitialized:00000000 $t
/cygdrive/c/Users/brent/AppData/Local/Temp/cchV5rGJ.s:298    .text.vUSBIsInitialized:00000008 $d
/cygdrive/c/Users/brent/AppData/Local/Temp/cchV5rGJ.s:306    .text.vUSBSendByte:00000000 vUSBSendByte
/cygdrive/c/Users/brent/AppData/Local/Temp/cchV5rGJ.s:303    .text.vUSBSendByte:00000000 $t
/cygdrive/c/Users/brent/AppData/Local/Temp/cchV5rGJ.s:323    .text.vUSBSendByte:0000001c $d
/cygdrive/c/Users/brent/AppData/Local/Temp/cchV5rGJ.s:1286   .bss.xTxCDC:00000000 xTxCDC
/cygdrive/c/Users/brent/AppData/Local/Temp/cchV5rGJ.s:331    .text.vUSBBytesAvailable:00000000 vUSBBytesAvailable
/cygdrive/c/Users/brent/AppData/Local/Temp/cchV5rGJ.s:328    .text.vUSBBytesAvailable:00000000 $t
/cygdrive/c/Users/brent/AppData/Local/Temp/cchV5rGJ.s:342    .text.vUSBBytesAvailable:00000010 $d
/cygdrive/c/Users/brent/AppData/Local/Temp/cchV5rGJ.s:350    .text.vUSBReceiveByte:00000000 vUSBReceiveByte
/cygdrive/c/Users/brent/AppData/Local/Temp/cchV5rGJ.s:347    .text.vUSBReceiveByte:00000000 $t
/cygdrive/c/Users/brent/AppData/Local/Temp/cchV5rGJ.s:364    .text.vUSBReceiveByte:00000014 $d
/cygdrive/c/Users/brent/AppData/Local/Temp/cchV5rGJ.s:1292   .bss.xRxCDC:00000000 xRxCDC
/cygdrive/c/Users/brent/AppData/Local/Temp/cchV5rGJ.s:368    .text.prvSendZLP:00000000 $t
/cygdrive/c/Users/brent/AppData/Local/Temp/cchV5rGJ.s:371    .text.prvSendZLP:00000000 prvSendZLP
/cygdrive/c/Users/brent/AppData/Local/Temp/cchV5rGJ.s:405    .text.prvSendZLP:0000003c $d
/cygdrive/c/Users/brent/AppData/Local/Temp/cchV5rGJ.s:1304   .bss.pxControlTx:00000000 pxControlTx
/cygdrive/c/Users/brent/AppData/Local/Temp/cchV5rGJ.s:410    .text.prvSendStall:00000000 $t
/cygdrive/c/Users/brent/AppData/Local/Temp/cchV5rGJ.s:413    .text.prvSendStall:00000000 prvSendStall
/cygdrive/c/Users/brent/AppData/Local/Temp/cchV5rGJ.s:432    .text.prvSendStall:00000020 $d
/cygdrive/c/Users/brent/AppData/Local/Temp/cchV5rGJ.s:436    .text.prvSendNextSegment:00000000 $t
/cygdrive/c/Users/brent/AppData/Local/Temp/cchV5rGJ.s:439    .text.prvSendNextSegment:00000000 prvSendNextSegment
/cygdrive/c/Users/brent/AppData/Local/Temp/cchV5rGJ.s:524    .text.prvSendNextSegment:00000098 $d
/cygdrive/c/Users/brent/AppData/Local/Temp/cchV5rGJ.s:530    .text.prvSendControlData:00000000 $t
/cygdrive/c/Users/brent/AppData/Local/Temp/cchV5rGJ.s:533    .text.prvSendControlData:00000000 prvSendControlData
/cygdrive/c/Users/brent/AppData/Local/Temp/cchV5rGJ.s:574    .text.prvSendControlData:00000048 $d
/cygdrive/c/Users/brent/AppData/Local/Temp/cchV5rGJ.s:581    .bss.xRequest.3556:00000000 xRequest.3556
/cygdrive/c/Users/brent/AppData/Local/Temp/cchV5rGJ.s:589    .text.vUSBCDCTask:00000000 vUSBCDCTask
/cygdrive/c/Users/brent/AppData/Local/Temp/cchV5rGJ.s:586    .text.vUSBCDCTask:00000000 $t
/cygdrive/c/Users/brent/AppData/Local/Temp/cchV5rGJ.s:909    .rodata.vUSBCDCTask:00000000 $d
/cygdrive/c/Users/brent/AppData/Local/Temp/cchV5rGJ.s:1065   .text.vUSBCDCTask:00000350 $d
                            *COM*:00000004 xUSBInterruptQueue
/cygdrive/c/Users/brent/AppData/Local/Temp/cchV5rGJ.s:1298   .bss.pxControlRx:00000000 pxControlRx
/cygdrive/c/Users/brent/AppData/Local/Temp/cchV5rGJ.s:1280   .bss.ucControlState:00000000 ucControlState
/cygdrive/c/Users/brent/AppData/Local/Temp/cchV5rGJ.s:1275   .bss.uiCurrentBank:00000000 uiCurrentBank
/cygdrive/c/Users/brent/AppData/Local/Temp/cchV5rGJ.s:1095   .text.vUSBCDCTask:000003c4 $t
/cygdrive/c/Users/brent/AppData/Local/Temp/cchV5rGJ.s:1237   .text.vUSBCDCTask:000004d4 $d
/cygdrive/c/Users/brent/AppData/Local/Temp/cchV5rGJ.s:1250   .text.vUSBSendDebug:00000000 vUSBSendDebug
/cygdrive/c/Users/brent/AppData/Local/Temp/cchV5rGJ.s:1247   .text.vUSBSendDebug:00000000 $t

UNDEFINED SYMBOLS
xQueueSend
uxQueueMessagesWaiting
xQueueReceive
vTaskDelay
vPortEnterCritical
vPortExitCritical
memcpy
xQueueCreate
Toggle_LED
AT91F_AIC_ConfigureIt
vUSB_ISR
strlen
