   1              		.code	16
   2              		.file	"usb_comm.c"
   3              		.section	.text.onUSBEchoTask,"ax",%progbits
   4              		.align	2
   5              		.global	onUSBEchoTask
   6              		.code 16
   7              		.thumb_func
   9              	onUSBEchoTask:
  10 0000 10B5     		push	{r4, lr}
  11 0002 81B0     		sub	sp, sp, #4
  12 0004 02E0     		b	.L2
  13              	.L3:
  14 0006 0120     		mov	r0, #1
  15 0008 FFF7FEFF 		bl	vTaskDelay
  16              	.L2:
  17 000c FFF7FEFF 		bl	vUSBIsInitialized
  18 0010 0028     		cmp	r0, #0
  19 0012 F8D0     		beq	.L3
  20              	.L6:
  21 0014 6C46     		mov	r4, sp
  22 0016 0334     		add	r4, r4, #3
  23 0018 201C     		mov	r0, r4
  24 001a FFF7FEFF 		bl	vUSBReceiveByte
  25 001e 2078     		ldrb	r0, [r4]
  26 0020 FFF7FEFF 		bl	vUSBSendByte
  27 0024 F6E7     		b	.L6
  29 0026 C046     		.section	.text.SendBytes,"ax",%progbits
  30              		.align	2
  31              		.global	SendBytes
  32              		.code 16
  33              		.thumb_func
  35              	SendBytes:
  36 0000 70B5     		push	{r4, r5, r6, lr}
  37 0002 041C     		mov	r4, r0
  38 0004 0E1C     		mov	r6, r1
  39 0006 0025     		mov	r5, #0
  40 0008 04E0     		b	.L8
  41              	.L9:
  42 000a 2078     		ldrb	r0, [r4]
  43 000c FFF7FEFF 		bl	vUSBSendByte
  44 0010 0134     		add	r4, r4, #1
  45 0012 0135     		add	r5, r5, #1
  46              	.L8:
  47 0014 B542     		cmp	r5, r6
  48 0016 F8D1     		bne	.L9
  49              		@ sp needed for prologue
  50 0018 70BC     		pop	{r4, r5, r6}
  51 001a 01BC     		pop	{r0}
  52 001c 0047     		bx	r0
  54 001e C046     		.section	.rodata.str1.4,"aMS",%progbits,1
  55              		.align	2
  56              	.LC5:
  57 0000 74696D3D 		.ascii	"tim=%d\015\012\000"
  57      25640D0A 
  57      00
  58 0009 000000   		.align	2
  59              	.LC8:
  60 000c 693D2564 		.ascii	"i=%d\015\012\000"
  60      0D0A00
  61 0013 00       		.align	2
  62              	.LC10:
  63 0014 7463325F 		.ascii	"tc2_cv=%d tc2_rc=%d\015\012\000"
  63      63763D25 
  63      64207463 
  63      325F7263 
  63      3D25640D 
  64 002a 0000     		.align	2
  65              	.LC12:
  66 002c 7463305F 		.ascii	"tc0_cv=%d tc0_rc=%d\015\012\000"
  66      63763D25 
  66      64207463 
  66      305F7263 
  66      3D25640D 
  67 0042 0000     		.align	2
  68              	.LC14:
  69 0044 73796E63 		.ascii	"sync=%d;sync attempts=%d;last sync attempt tooth co"
  69      3D25643B 
  69      73796E63 
  69      20617474 
  69      656D7074 
  70 0077 756E743D 		.ascii	"unt=%d\015\012\000"
  70      25640D0A 
  70      00
  71              		.align	2
  72              	.LC19:
  73 0080 746F6F74 		.ascii	"tooth=%d\015\012\000"
  73      683D2564 
  73      0D0A00
  74 008b 00       		.align	2
  75              	.LC23:
  76 008c 72756E3D 		.ascii	"run=%d;per=%d;usec=%d;rpm=%d;load=%d;loadBin=%d;rpm"
  76      25643B70 
  76      65723D25 
  76      643B7573 
  76      65633D25 
  77 00bf 42696E3D 		.ascii	"Bin=%d;adv=%d;dwell=%d\015\012\000"
  77      25643B61 
  77      64763D25 
  77      643B6477 
  77      656C6C3D 
  78              		.align	2
  79              	.LC30:
  80 00d8 63796C3A 		.ascii	"cyl:%d\015\012tdc:%d\015\012onDeg:%d\015\012onTooth"
  80      25640D0A 
  80      7464633A 
  80      25640D0A 
  80      6F6E4465 
  81 00f9 3A25640D 		.ascii	":%d\015\012onInterTooth:%d\015\012fireDeg:%d\015\012"
  81      0A6F6E49 
  81      6E746572 
  81      546F6F74 
  81      683A2564 
  82 011b 66697265 		.ascii	"fireTooth:%d\015\012fireInterTooth:%d\015\012ports:"
  82      546F6F74 
  82      683A2564 
  82      0D0A6669 
  82      7265496E 
  83 0142 25640D0A 		.ascii	"%d\015\012----\015\012\000"
  83      2D2D2D2D 
  83      0D0A00
  84 014d 000000   		.align	2
  85              	.LC34:
  86 0150 6477656C 		.ascii	"dwell=%dUSec\015\012\000"
  86      6C3D2564 
  86      55536563 
  86      0D0A00
  87 015f 00       		.section	.text.onUSBCommTask,"ax",%progbits
  88              		.align	2
  89              		.global	onUSBCommTask
  90              		.code 16
  91              		.thumb_func
  93              	onUSBCommTask:
  94 0000 30B5     		push	{r4, r5, lr}
  95 0002 D3B0     		sub	sp, sp, #332
  96 0004 02E0     		b	.L13
  97              	.L14:
  98 0006 0120     		mov	r0, #1
  99 0008 FFF7FEFF 		bl	vTaskDelay
 100              	.L13:
 101 000c FFF7FEFF 		bl	vUSBIsInitialized
 102 0010 0028     		cmp	r0, #0
 103 0012 F8D0     		beq	.L14
 104              	.L54:
 105 0014 9C4D     		ldr	r5, .L55
 106 0016 6D44     		add	r5, r5, sp
 107 0018 281C     		mov	r0, r5
 108 001a FFF7FEFF 		bl	vUSBReceiveByte
 109 001e 2B78     		ldrb	r3, [r5]
 110 0020 562B     		cmp	r3, #86
 111 0022 09D1     		bne	.L16
 112 0024 6846     		mov	r0, sp
 113 0026 1F30     		add	r0, r0, #31
 114 0028 0322     		mov	r2, #3
 115 002a 0223     		mov	r3, #2
 116 002c 0270     		strb	r2, [r0]
 117 002e 4370     		strb	r3, [r0, #1]
 118 0030 8270     		strb	r2, [r0, #2]
 119 0032 0321     		mov	r1, #3
 120 0034 FFF7FEFF 		bl	SendBytes
 121              	.L16:
 122 0038 2B78     		ldrb	r3, [r5]
 123 003a 242B     		cmp	r3, #36
 124 003c 16D1     		bne	.L18
 125 003e 934B     		ldr	r3, .L55+4
 126 0040 6846     		mov	r0, sp
 127 0042 1B68     		ldr	r3, [r3]
 128 0044 1F30     		add	r0, r0, #31
 129 0046 0370     		strb	r3, [r0]
 130 0048 914B     		ldr	r3, .L55+8
 131 004a 1B68     		ldr	r3, [r3]
 132 004c 914A     		ldr	r2, .L55+12
 133 004e 8370     		strb	r3, [r0, #2]
 134 0050 914B     		ldr	r3, .L55+16
 135 0052 1268     		ldr	r2, [r2]
 136 0054 1B68     		ldr	r3, [r3]
 137 0056 1343     		orr	r3, r3, r2
 138 0058 C370     		strb	r3, [r0, #3]
 139 005a 904B     		ldr	r3, .L55+20
 140 005c 1B68     		ldr	r3, [r3]
 141 005e 0021     		mov	r1, #0
 142 0060 4170     		strb	r1, [r0, #1]
 143 0062 4171     		strb	r1, [r0, #5]
 144 0064 0371     		strb	r3, [r0, #4]
 145 0066 0621     		mov	r1, #6
 146 0068 FFF7FEFF 		bl	SendBytes
 147              	.L18:
 148 006c 2B78     		ldrb	r3, [r5]
 149 006e 212B     		cmp	r3, #33
 150 0070 0ED1     		bne	.L20
 151 0072 8B4B     		ldr	r3, .L55+24
 152 0074 6C46     		mov	r4, sp
 153 0076 1F34     		add	r4, r4, #31
 154 0078 8A49     		ldr	r1, .L55+28
 155 007a 1A68     		ldr	r2, [r3]
 156 007c 201C     		mov	r0, r4
 157 007e FFF7FEFF 		bl	sprintf
 158 0082 201C     		mov	r0, r4
 159 0084 FFF7FEFF 		bl	strlen
 160 0088 011C     		mov	r1, r0
 161 008a 201C     		mov	r0, r4
 162 008c FFF7FEFF 		bl	SendBytes
 163              	.L20:
 164 0090 2B78     		ldrb	r3, [r5]
 165 0092 3F2B     		cmp	r3, #63
 166 0094 12D1     		bne	.L22
 167 0096 0025     		mov	r5, #0
 168              	.L24:
 169 0098 6C46     		mov	r4, sp
 170 009a 1F34     		add	r4, r4, #31
 171 009c 2A1C     		mov	r2, r5
 172 009e 8249     		ldr	r1, .L55+32
 173 00a0 201C     		mov	r0, r4
 174 00a2 FFF7FEFF 		bl	sprintf
 175 00a6 201C     		mov	r0, r4
 176 00a8 FFF7FEFF 		bl	strlen
 177 00ac 011C     		mov	r1, r0
 178 00ae 201C     		mov	r0, r4
 179 00b0 FFF7FEFF 		bl	SendBytes
 180 00b4 7D4B     		ldr	r3, .L55+36
 181 00b6 0135     		add	r5, r5, #1
 182 00b8 9D42     		cmp	r5, r3
 183 00ba EDD1     		bne	.L24
 184              	.L22:
 185 00bc 724B     		ldr	r3, .L55
 186 00be 6B44     		add	r3, r3, sp
 187 00c0 1B78     		ldrb	r3, [r3]
 188 00c2 662B     		cmp	r3, #102
 189 00c4 05D1     		bne	.L25
 190 00c6 7A4B     		ldr	r3, .L55+40
 191 00c8 7A4A     		ldr	r2, .L55+44
 192 00ca DA61     		str	r2, [r3, #28]
 193 00cc 0422     		mov	r2, #4
 194 00ce 1A60     		str	r2, [r3]
 195 00d0 11E0     		b	.L27
 196              	.L25:
 197 00d2 312B     		cmp	r3, #49
 198 00d4 0FD1     		bne	.L27
 199 00d6 764B     		ldr	r3, .L55+40
 200 00d8 6C46     		mov	r4, sp
 201 00da 1F34     		add	r4, r4, #31
 202 00dc 1A69     		ldr	r2, [r3, #16]
 203 00de 7649     		ldr	r1, .L55+48
 204 00e0 DB69     		ldr	r3, [r3, #28]
 205 00e2 201C     		mov	r0, r4
 206 00e4 FFF7FEFF 		bl	sprintf
 207 00e8 201C     		mov	r0, r4
 208 00ea FFF7FEFF 		bl	strlen
 209 00ee 011C     		mov	r1, r0
 210 00f0 201C     		mov	r0, r4
 211 00f2 FFF7FEFF 		bl	SendBytes
 212              	.L27:
 213 00f6 644D     		ldr	r5, .L55
 214 00f8 6D44     		add	r5, r5, sp
 215 00fa 2B78     		ldrb	r3, [r5]
 216 00fc 322B     		cmp	r3, #50
 217 00fe 0FD1     		bne	.L29
 218 0100 6E4B     		ldr	r3, .L55+52
 219 0102 6C46     		mov	r4, sp
 220 0104 1F34     		add	r4, r4, #31
 221 0106 1A69     		ldr	r2, [r3, #16]
 222 0108 6D49     		ldr	r1, .L55+56
 223 010a DB69     		ldr	r3, [r3, #28]
 224 010c 201C     		mov	r0, r4
 225 010e FFF7FEFF 		bl	sprintf
 226 0112 201C     		mov	r0, r4
 227 0114 FFF7FEFF 		bl	strlen
 228 0118 011C     		mov	r1, r0
 229 011a 201C     		mov	r0, r4
 230 011c FFF7FEFF 		bl	SendBytes
 231              	.L29:
 232 0120 2B78     		ldrb	r3, [r5]
 233 0122 332B     		cmp	r3, #51
 234 0124 13D1     		bne	.L31
 235 0126 674B     		ldr	r3, .L55+60
 236 0128 6749     		ldr	r1, .L55+64
 237 012a 1A68     		ldr	r2, [r3]
 238 012c 0968     		ldr	r1, [r1]
 239 012e 674B     		ldr	r3, .L55+68
 240 0130 6C46     		mov	r4, sp
 241 0132 1F34     		add	r4, r4, #31
 242 0134 1B68     		ldr	r3, [r3]
 243 0136 201C     		mov	r0, r4
 244 0138 0091     		str	r1, [sp]
 245 013a 6549     		ldr	r1, .L55+72
 246 013c FFF7FEFF 		bl	sprintf
 247 0140 201C     		mov	r0, r4
 248 0142 FFF7FEFF 		bl	strlen
 249 0146 011C     		mov	r1, r0
 250 0148 201C     		mov	r0, r4
 251 014a FFF7FEFF 		bl	SendBytes
 252              	.L31:
 253 014e 2B78     		ldrb	r3, [r5]
 254 0150 342B     		cmp	r3, #52
 255 0152 0ED1     		bne	.L33
 256 0154 5F4B     		ldr	r3, .L55+76
 257 0156 6C46     		mov	r4, sp
 258 0158 1F34     		add	r4, r4, #31
 259 015a 5F49     		ldr	r1, .L55+80
 260 015c 1A68     		ldr	r2, [r3]
 261 015e 201C     		mov	r0, r4
 262 0160 FFF7FEFF 		bl	sprintf
 263 0164 201C     		mov	r0, r4
 264 0166 FFF7FEFF 		bl	strlen
 265 016a 011C     		mov	r1, r0
 266 016c 201C     		mov	r0, r4
 267 016e FFF7FEFF 		bl	SendBytes
 268              	.L33:
 269 0172 2B78     		ldrb	r3, [r5]
 270 0174 642B     		cmp	r3, #100
 271 0176 07D1     		bne	.L35
 272 0178 584C     		ldr	r4, .L55+84
 273 017a 201C     		mov	r0, r4
 274 017c FFF7FEFF 		bl	strlen
 275 0180 011C     		mov	r1, r0
 276 0182 201C     		mov	r0, r4
 277 0184 FFF7FEFF 		bl	SendBytes
 278              	.L35:
 279 0188 2B78     		ldrb	r3, [r5]
 280 018a 732B     		cmp	r3, #115
 281 018c 25D1     		bne	.L37
 282 018e 544B     		ldr	r3, .L55+88
 283 0190 5449     		ldr	r1, .L55+92
 284 0192 1A68     		ldr	r2, [r3]
 285 0194 0968     		ldr	r1, [r1]
 286 0196 544B     		ldr	r3, .L55+96
 287 0198 1B68     		ldr	r3, [r3]
 288 019a 0091     		str	r1, [sp]
 289 019c 3C49     		ldr	r1, .L55+8
 290 019e 0968     		ldr	r1, [r1]
 291 01a0 0191     		str	r1, [sp, #4]
 292 01a2 3E49     		ldr	r1, .L55+20
 293 01a4 0968     		ldr	r1, [r1]
 294 01a6 0291     		str	r1, [sp, #8]
 295 01a8 3A49     		ldr	r1, .L55+12
 296 01aa 0968     		ldr	r1, [r1]
 297 01ac 0391     		str	r1, [sp, #12]
 298 01ae 3A49     		ldr	r1, .L55+16
 299 01b0 0968     		ldr	r1, [r1]
 300 01b2 0491     		str	r1, [sp, #16]
 301 01b4 3549     		ldr	r1, .L55+4
 302 01b6 0968     		ldr	r1, [r1]
 303 01b8 0591     		str	r1, [sp, #20]
 304 01ba 4C49     		ldr	r1, .L55+100
 305 01bc 6C46     		mov	r4, sp
 306 01be 0968     		ldr	r1, [r1]
 307 01c0 1F34     		add	r4, r4, #31
 308 01c2 0691     		str	r1, [sp, #24]
 309 01c4 201C     		mov	r0, r4
 310 01c6 4A49     		ldr	r1, .L55+104
 311 01c8 FFF7FEFF 		bl	sprintf
 312 01cc 201C     		mov	r0, r4
 313 01ce FFF7FEFF 		bl	strlen
 314 01d2 011C     		mov	r1, r0
 315 01d4 201C     		mov	r0, r4
 316 01d6 FFF7FEFF 		bl	SendBytes
 317              	.L37:
 318 01da 2B78     		ldrb	r3, [r5]
 319 01dc 722B     		cmp	r3, #114
 320 01de 27D1     		bne	.L39
 321 01e0 0025     		mov	r5, #0
 322 01e2 21E0     		b	.L41
 323              	.L42:
 324 01e4 434B     		ldr	r3, .L55+108
 325 01e6 1A68     		ldr	r2, [r3]
 326 01e8 6901     		lsl	r1, r5, #5
 327 01ea 5218     		add	r2, r2, r1
 328 01ec 5168     		ldr	r1, [r2, #4]
 329 01ee 1368     		ldr	r3, [r2]
 330 01f0 0091     		str	r1, [sp]
 331 01f2 9168     		ldr	r1, [r2, #8]
 332 01f4 0191     		str	r1, [sp, #4]
 333 01f6 D168     		ldr	r1, [r2, #12]
 334 01f8 0291     		str	r1, [sp, #8]
 335 01fa 1169     		ldr	r1, [r2, #16]
 336 01fc 0391     		str	r1, [sp, #12]
 337 01fe 5169     		ldr	r1, [r2, #20]
 338 0200 0491     		str	r1, [sp, #16]
 339 0202 9169     		ldr	r1, [r2, #24]
 340 0204 0591     		str	r1, [sp, #20]
 341 0206 6C46     		mov	r4, sp
 342 0208 D269     		ldr	r2, [r2, #28]
 343 020a 1F34     		add	r4, r4, #31
 344 020c 3A49     		ldr	r1, .L55+112
 345 020e 0692     		str	r2, [sp, #24]
 346 0210 201C     		mov	r0, r4
 347 0212 2A1C     		mov	r2, r5
 348 0214 FFF7FEFF 		bl	sprintf
 349 0218 201C     		mov	r0, r4
 350 021a FFF7FEFF 		bl	strlen
 351 021e 011C     		mov	r1, r0
 352 0220 201C     		mov	r0, r4
 353 0222 FFF7FEFF 		bl	SendBytes
 354 0226 0135     		add	r5, r5, #1
 355              	.L41:
 356 0228 344B     		ldr	r3, .L55+116
 357 022a 1B68     		ldr	r3, [r3]
 358 022c 9D42     		cmp	r5, r3
 359 022e D9D3     		bcc	.L42
 360              	.L39:
 361 0230 154D     		ldr	r5, .L55
 362 0232 6D44     		add	r5, r5, sp
 363 0234 2B78     		ldrb	r3, [r5]
 364 0236 642B     		cmp	r3, #100
 365 0238 10D1     		bne	.L43
 366 023a 314B     		ldr	r3, .L55+120
 367 023c 1A68     		ldr	r2, [r3]
 368 023e 6C46     		mov	r4, sp
 369 0240 6432     		add	r2, r2, #100
 370 0242 1F34     		add	r4, r4, #31
 371 0244 2F49     		ldr	r1, .L55+124
 372 0246 1A60     		str	r2, [r3]
 373 0248 201C     		mov	r0, r4
 374 024a FFF7FEFF 		bl	sprintf
 375 024e 201C     		mov	r0, r4
 376 0250 FFF7FEFF 		bl	strlen
 377 0254 011C     		mov	r1, r0
 378 0256 201C     		mov	r0, r4
 379 0258 FFF7FEFF 		bl	SendBytes
 380              	.L43:
 381 025c 2B78     		ldrb	r3, [r5]
 382 025e 662B     		cmp	r3, #102
 383 0260 00D0     		beq	.LCB406
 384 0262 D7E6     		b	.L54	@long jump
 385              	.LCB406:
 386 0264 264B     		ldr	r3, .L55+120
 387 0266 1A68     		ldr	r2, [r3]
 388 0268 6C46     		mov	r4, sp
 389 026a 643A     		sub	r2, r2, #100
 390 026c 1F34     		add	r4, r4, #31
 391 026e 1A60     		str	r2, [r3]
 392 0270 2449     		ldr	r1, .L55+124
 393 0272 201C     		mov	r0, r4
 394 0274 FFF7FEFF 		bl	sprintf
 395 0278 201C     		mov	r0, r4
 396 027a FFF7FEFF 		bl	strlen
 397 027e 011C     		mov	r1, r0
 398 0280 201C     		mov	r0, r4
 399 0282 FFF7FEFF 		bl	SendBytes
 400 0286 C5E6     		b	.L54
 401              	.L56:
 402              		.align	2
 403              	.L55:
 404 0288 4B010000 		.word	331
 405 028c 00000000 		.word	g_currentAdvance
 406 0290 00000000 		.word	g_currentRPM
 407 0294 00000000 		.word	g_currentLoadBin
 408 0298 00000000 		.word	g_currentRPMBin
 409 029c 00000000 		.word	g_currentLoad
 410 02a0 00000000 		.word	g_lastInterToothPeriodRaw
 411 02a4 00000000 		.word	.LC5
 412 02a8 0C000000 		.word	.LC8
 413 02ac 10270000 		.word	10000
 414 02b0 8000FAFF 		.word	-393088
 415 02b4 30750000 		.word	30000
 416 02b8 14000000 		.word	.LC10
 417 02bc 0000FAFF 		.word	-393216
 418 02c0 2C000000 		.word	.LC12
 419 02c4 00000000 		.word	g_wheelSynchronized
 420 02c8 00000000 		.word	g_toothCountAtLastSyncAttempt
 421 02cc 00000000 		.word	g_wheelSyncAttempts
 422 02d0 44000000 		.word	.LC14
 423 02d4 00000000 		.word	g_currentTooth
 424 02d8 80000000 		.word	.LC19
 425 02dc 00000000 		.word	debugMsg
 426 02e0 00000000 		.word	g_engineIsRunning
 427 02e4 00000000 		.word	g_lastCrankRevolutionPeriodUSec
 428 02e8 00000000 		.word	g_lastCrankRevolutionPeriodRaw
 429 02ec 00000000 		.word	g_currentDwellDegrees
 430 02f0 8C000000 		.word	.LC23
 431 02f4 00000000 		.word	g_active_logical_coil_drivers
 432 02f8 D8000000 		.word	.LC30
 433 02fc 00000000 		.word	g_logicalCoilDriverCount
 434 0300 00000000 		.word	g_currentDwellUSec
 435 0304 50010000 		.word	.LC34
 437              		.comm	g_logicalCoilDriverCount,4,4
 438              		.ident	"GCC: (GNU) 4.0.2"
DEFINED SYMBOLS
                            *ABS*:00000000 usb_comm.c
/cygdrive/c/Users/brent/AppData/Local/Temp/ccHXSjBl.s:1      .text:00000000 $t
/cygdrive/c/Users/brent/AppData/Local/Temp/ccHXSjBl.s:9      .text.onUSBEchoTask:00000000 onUSBEchoTask
/cygdrive/c/Users/brent/AppData/Local/Temp/ccHXSjBl.s:6      .text.onUSBEchoTask:00000000 $t
/cygdrive/c/Users/brent/AppData/Local/Temp/ccHXSjBl.s:35     .text.SendBytes:00000000 SendBytes
/cygdrive/c/Users/brent/AppData/Local/Temp/ccHXSjBl.s:32     .text.SendBytes:00000000 $t
/cygdrive/c/Users/brent/AppData/Local/Temp/ccHXSjBl.s:93     .text.onUSBCommTask:00000000 onUSBCommTask
/cygdrive/c/Users/brent/AppData/Local/Temp/ccHXSjBl.s:90     .text.onUSBCommTask:00000000 $t
/cygdrive/c/Users/brent/AppData/Local/Temp/ccHXSjBl.s:404    .text.onUSBCommTask:00000288 $d
                            *COM*:00000004 g_logicalCoilDriverCount

UNDEFINED SYMBOLS
vTaskDelay
vUSBIsInitialized
vUSBReceiveByte
vUSBSendByte
sprintf
strlen
g_currentAdvance
g_currentRPM
g_currentLoadBin
g_currentRPMBin
g_currentLoad
g_lastInterToothPeriodRaw
g_wheelSynchronized
g_toothCountAtLastSyncAttempt
g_wheelSyncAttempts
g_currentTooth
debugMsg
g_engineIsRunning
g_lastCrankRevolutionPeriodUSec
g_lastCrankRevolutionPeriodRaw
g_currentDwellDegrees
g_active_logical_coil_drivers
g_currentDwellUSec
