   1              		.code	16
   2              		.file	"usb_comm.c"
   3              		.section	.text.onUSBEchoTask,"ax",%progbits
   4              		.align	2
   5              		.global	onUSBEchoTask
   6              		.code 16
   7              		.thumb_func
   9              	onUSBEchoTask:
  10 0000 10B5     		push	{r4, lr}
  11 0002 81B0     		sub	sp, sp, #4
  12 0004 02E0     		b	.L2
  13              	.L3:
  14 0006 0120     		mov	r0, #1
  15 0008 FFF7FEFF 		bl	vTaskDelay
  16              	.L2:
  17 000c FFF7FEFF 		bl	vUSBIsInitialized
  18 0010 0028     		cmp	r0, #0
  19 0012 F8D0     		beq	.L3
  20              	.L6:
  21 0014 6C46     		mov	r4, sp
  22 0016 0334     		add	r4, r4, #3
  23 0018 201C     		mov	r0, r4
  24 001a FFF7FEFF 		bl	vUSBReceiveByte
  25 001e 2078     		ldrb	r0, [r4]
  26 0020 FFF7FEFF 		bl	vUSBSendByte
  27 0024 F6E7     		b	.L6
  29 0026 C046     		.section	.text.SendBytes,"ax",%progbits
  30              		.align	2
  31              		.global	SendBytes
  32              		.code 16
  33              		.thumb_func
  35              	SendBytes:
  36 0000 70B5     		push	{r4, r5, r6, lr}
  37 0002 041C     		mov	r4, r0
  38 0004 0E1C     		mov	r6, r1
  39 0006 0025     		mov	r5, #0
  40 0008 04E0     		b	.L8
  41              	.L9:
  42 000a 2078     		ldrb	r0, [r4]
  43 000c FFF7FEFF 		bl	vUSBSendByte
  44 0010 0134     		add	r4, r4, #1
  45 0012 0135     		add	r5, r5, #1
  46              	.L8:
  47 0014 B542     		cmp	r5, r6
  48 0016 F8D1     		bne	.L9
  49              		@ sp needed for prologue
  50 0018 70BC     		pop	{r4, r5, r6}
  51 001a 01BC     		pop	{r0}
  52 001c 0047     		bx	r0
  54 001e C046     		.section	.rodata.str1.4,"aMS",%progbits,1
  55              		.align	2
  56              	.LC0:
  57 0000 48656C6C 		.ascii	"Hello!\000"
  57      6F2100
  58 0007 00       		.section	.text.onUSBCommTask,"ax",%progbits
  59              		.align	2
  60              		.global	onUSBCommTask
  61              		.code 16
  62              		.thumb_func
  64              	onUSBCommTask:
  65 0000 10B5     		push	{r4, lr}
  66 0002 CCB0     		sub	sp, sp, #304
  67 0004 02E0     		b	.L13
  68              	.L14:
  69 0006 0120     		mov	r0, #1
  70 0008 FFF7FEFF 		bl	vTaskDelay
  71              	.L13:
  72 000c FFF7FEFF 		bl	vUSBIsInitialized
  73 0010 0028     		cmp	r0, #0
  74 0012 F8D0     		beq	.L14
  75              	.L26:
  76 0014 114C     		ldr	r4, .L27
  77 0016 6C44     		add	r4, r4, sp
  78 0018 201C     		mov	r0, r4
  79 001a FFF7FEFF 		bl	vUSBReceiveByte
  80 001e 2378     		ldrb	r3, [r4]
  81 0020 562B     		cmp	r3, #86
  82 0022 09D1     		bne	.L16
  83 0024 6846     		mov	r0, sp
  84 0026 0330     		add	r0, r0, #3
  85 0028 0322     		mov	r2, #3
  86 002a 0223     		mov	r3, #2
  87 002c 0270     		strb	r2, [r0]
  88 002e 4370     		strb	r3, [r0, #1]
  89 0030 8270     		strb	r2, [r0, #2]
  90 0032 0321     		mov	r1, #3
  91 0034 FFF7FEFF 		bl	SendBytes
  92              	.L16:
  93 0038 2378     		ldrb	r3, [r4]
  94 003a 212B     		cmp	r3, #33
  95 003c EAD1     		bne	.L26
  96 003e 6C46     		mov	r4, sp
  97 0040 0334     		add	r4, r4, #3
  98 0042 0749     		ldr	r1, .L27+4
  99 0044 201C     		mov	r0, r4
 100 0046 FFF7FEFF 		bl	strcpy
 101 004a 201C     		mov	r0, r4
 102 004c FFF7FEFF 		bl	strlen
 103 0050 011C     		mov	r1, r0
 104 0052 201C     		mov	r0, r4
 105 0054 FFF7FEFF 		bl	SendBytes
 106 0058 DCE7     		b	.L26
 107              	.L28:
 108 005a 0000     		.align	2
 109              	.L27:
 110 005c 2F010000 		.word	303
 111 0060 00000000 		.word	.LC0
 113              		.ident	"GCC: (GNU) 4.0.2"
DEFINED SYMBOLS
                            *ABS*:00000000 usb_comm.c
/cygdrive/c/Users/brent/AppData/Local/Temp/cck3QQa8.s:1      .text:00000000 $t
/cygdrive/c/Users/brent/AppData/Local/Temp/cck3QQa8.s:9      .text.onUSBEchoTask:00000000 onUSBEchoTask
/cygdrive/c/Users/brent/AppData/Local/Temp/cck3QQa8.s:6      .text.onUSBEchoTask:00000000 $t
/cygdrive/c/Users/brent/AppData/Local/Temp/cck3QQa8.s:35     .text.SendBytes:00000000 SendBytes
/cygdrive/c/Users/brent/AppData/Local/Temp/cck3QQa8.s:32     .text.SendBytes:00000000 $t
/cygdrive/c/Users/brent/AppData/Local/Temp/cck3QQa8.s:64     .text.onUSBCommTask:00000000 onUSBCommTask
/cygdrive/c/Users/brent/AppData/Local/Temp/cck3QQa8.s:61     .text.onUSBCommTask:00000000 $t
/cygdrive/c/Users/brent/AppData/Local/Temp/cck3QQa8.s:110    .text.onUSBCommTask:0000005c $d

UNDEFINED SYMBOLS
vTaskDelay
vUSBIsInitialized
vUSBReceiveByte
vUSBSendByte
strcpy
strlen
