   1              		.code	16
   2              		.file	"main.c"
   3              		.section	.rodata.str1.4,"aMS",%progbits,1
   4              		.align	2
   5              	.LC0:
   6 0000 55534200 		.ascii	"USB\000"
   7              		.align	2
   8              	.LC3:
   9 0004 4F6E5553 		.ascii	"OnUSBComm\000"
   9      42436F6D 
   9      6D00
  10 000e 0000     		.align	2
  11              	.LC6:
  12 0010 50757368 		.ascii	"PushbuttonTask\000"
  12      62757474 
  12      6F6E5461 
  12      736B00
  13 001f 00       		.section	.text.main,"ax",%progbits
  14              		.align	2
  15              		.global	main
  16              		.code 16
  17              		.thumb_func
  19              	main:
  20 0000 30B5     		push	{r4, r5, lr}
  21 0002 1B4B     		ldr	r3, .L7
  22 0004 0024     		mov	r4, #0
  23 0006 82B0     		sub	sp, sp, #8
  24 0008 5C63     		str	r4, [r3, #52]
  25 000a 1A48     		ldr	r0, .L7+4
  26 000c 1A49     		ldr	r1, .L7+8
  27 000e FFF7FEFF 		bl	AT91F_PMC_EnablePeriphClock
  28 0012 1A48     		ldr	r0, .L7+12
  29 0014 0121     		mov	r1, #1
  30 0016 FFF7FEFF 		bl	AT91F_RSTSetMode
  31 001a FFF7FEFF 		bl	InitADC
  32 001e FFF7FEFF 		bl	Init_LEDs
  33 0022 0223     		mov	r3, #2
  34 0024 9622     		mov	r2, #150
  35 0026 1649     		ldr	r1, .L7+16
  36 0028 0093     		str	r3, [sp]
  37 002a 5200     		lsl	r2, r2, #1
  38 002c 0023     		mov	r3, #0
  39 002e 1548     		ldr	r0, .L7+20
  40 0030 0194     		str	r4, [sp, #4]
  41 0032 FFF7FEFF 		bl	xTaskCreate
  42 0036 AF22     		mov	r2, #175
  43 0038 1349     		ldr	r1, .L7+24
  44 003a 0125     		mov	r5, #1
  45 003c 9200     		lsl	r2, r2, #2
  46 003e 0023     		mov	r3, #0
  47 0040 1248     		ldr	r0, .L7+28
  48 0042 0095     		str	r5, [sp]
  49 0044 0194     		str	r4, [sp, #4]
  50 0046 FFF7FEFF 		bl	xTaskCreate
  51 004a 1149     		ldr	r1, .L7+32
  52 004c 6422     		mov	r2, #100
  53 004e 0023     		mov	r3, #0
  54 0050 1048     		ldr	r0, .L7+36
  55 0052 0095     		str	r5, [sp]
  56 0054 0194     		str	r4, [sp, #4]
  57 0056 FFF7FEFF 		bl	xTaskCreate
  58 005a FFF7FEFF 		bl	vTaskStartScheduler
  59              	.L2:
  60 005e 0420     		mov	r0, #4
  61 0060 FFF7FEFF 		bl	Toggle_LED
  62 0064 0C4B     		ldr	r3, .L7+40
  63              	.L3:
  64 0066 013B     		sub	r3, r3, #1
  65 0068 002B     		cmp	r3, #0
  66 006a FCD1     		bne	.L3
  67 006c F7E7     		b	.L2
  68              	.L8:
  69 006e 0000     		.align	2
  70              	.L7:
  71 0070 FCF0FFFF 		.word	-3844
  72 0074 00FCFFFF 		.word	-1024
  73 0078 C4040040 		.word	1073743044
  74 007c 00FDFFFF 		.word	-768
  75 0080 00000000 		.word	.LC0
  76 0084 00000000 		.word	vUSBCDCTask
  77 0088 04000000 		.word	.LC3
  78 008c 00000000 		.word	onUSBCommTask
  79 0090 10000000 		.word	.LC6
  80 0094 00000000 		.word	onPushbuttonTask
  81 0098 80841E00 		.word	2000000
  83              		.ident	"GCC: (GNU) 4.0.2"
DEFINED SYMBOLS
                            *ABS*:00000000 main.c
/cygdrive/c/Users/brent/AppData/Local/Temp/cczDeSp6.s:1      .text:00000000 $t
/cygdrive/c/Users/brent/AppData/Local/Temp/cczDeSp6.s:19     .text.main:00000000 main
/cygdrive/c/Users/brent/AppData/Local/Temp/cczDeSp6.s:16     .text.main:00000000 $t
/cygdrive/c/Users/brent/AppData/Local/Temp/cczDeSp6.s:71     .text.main:00000070 $d

UNDEFINED SYMBOLS
AT91F_PMC_EnablePeriphClock
AT91F_RSTSetMode
InitADC
Init_LEDs
xTaskCreate
vTaskStartScheduler
Toggle_LED
vUSBCDCTask
onUSBCommTask
onPushbuttonTask
